<?xml version="1.0" encoding="UTF-8"?>
<!-- Generated by org.testng.reporters.JUnitXMLReporter -->
<testsuite ignored="0" hostname="Sachin" failures="0" tests="4" name="Test" time="26.523" errors="0" timestamp="2021-07-17T13:59:56 IST">
  <testcase classname="SmokeTesting.logingIn" name="getHomePageSignature" time="0.289"/>
  <testcase classname="SmokeTesting.logingIn" name="loginWithGmail" time="1.65"/>
  <testcase classname="SmokeTesting.logingIn" name="loginFromPopUp" time="9.401"/>
  <testcase classname="SmokeTesting.logingIn" name="verifyGiftCardTitle" time="6.212"/>
</testsuite> <!-- Test -->
