<?xml version="1.0" encoding="UTF-8"?>
<!-- Generated by org.testng.reporters.JUnitXMLReporter -->
<testsuite ignored="0" hostname="Sachin" failures="0" tests="5" name="Test" time="23.404" errors="0" timestamp="2021-07-25T14:54:21 IST">
  <testcase classname="SmokeTesting.smokeTest" name="getHomePageSignature" time="1.23"/>
  <testcase classname="SmokeTesting.smokeTest" name="verifyCountry" time="0.892"/>
  <testcase classname="SmokeTesting.smokeTest" name="verifyLoginButton" time="1.036"/>
  <testcase classname="SmokeTesting.smokeTest" name="loginWithGmail" time="1.28"/>
  <testcase classname="SmokeTesting.smokeTest" name="loginFromPopUp" time="11.824"/>
</testsuite> <!-- Test -->
