<?xml version="1.0" encoding="UTF-8"?>
<!-- Generated by org.testng.reporters.JUnitXMLReporter -->
<testsuite ignored="23" hostname="Sachin" failures="0" tests="23" name="Test" time="116.322" errors="0" timestamp="2021-07-24T16:03:29 IST">
  <testcase classname="SmokeTesting.smokeTest" name="loginWithGmail" time="19.019"/>
  <testcase classname="SmokeTesting.smokeTest" name="loginFromPopUp" time="0.018"/>
  <testcase classname="RegressionTesting.verifyVariousButtons" name="verifyCabButton" time="1.252"/>
  <testcase classname="RegressionTesting.verifyVariousButtons" name="verifyCabSearchButton" time="7.301"/>
  <testcase classname="RegressionTesting.verifyVariousButtons" name="verifyHotelButton" time="2.78"/>
  <testcase classname="RegressionTesting.verifyVariousButtons" name="verifyHotelSearchButton" time="11.955"/>
  <testcase classname="RegressionTesting.verifyVariousButtons" name="verifyBuyNowButton" time="9.73"/>
  <testcase classname="RegressionTesting.hotelScenario" name="enterCity" time="4.248"/>
  <testcase classname="RegressionTesting.hotelScenario" name="enterCheckInCheckOutDate" time="3.95"/>
  <testcase classname="RegressionTesting.hotelScenario" name="verifyRoomsAndGuestButton" time="0.82"/>
  <testcase classname="RegressionTesting.hotelScenario" name="getAdultsList" time="4.657"/>
  <testcase classname="RegressionTesting.hotelScenario" name="verifyFreeBreakfastCheckBox" time="6.219"/>
  <testcase classname="RegressionTesting.cabScenario" name="searchCab" time="2.093"/>
  <testcase classname="RegressionTesting.cabScenario" name="departure" time="1.529"/>
  <testcase classname="RegressionTesting.cabScenario" name="arrival" time="1.36"/>
  <testcase classname="RegressionTesting.cabScenario" name="calender" time="1.22"/>
  <testcase classname="RegressionTesting.cabScenario" name="time" time="6.394"/>
  <testcase classname="RegressionTesting.cabScenario" name="getCabDetails" time="10.664"/>
  <testcase classname="RegressionTesting.giftCardScenario" name="giftCards" time="1.894"/>
  <testcase classname="RegressionTesting.giftCardScenario" name="verifyGiftCardTitle" time="2.017"/>
  <testcase classname="RegressionTesting.giftCardScenario" name="verifyGiftCard" time="1.047"/>
  <testcase classname="RegressionTesting.giftCardScenario" name="buyGiftCard" time="4.127"/>
  <testcase classname="RegressionTesting.giftCardScenario" name="verifyMajorErrorMessage" time="5.029"/>
  <testcase classname="SmokeTesting.smokeTest" name="getHomePageSignature" time="0.0">
    <ignored/>
  </testcase> <!-- getHomePageSignature -->
  <testcase classname="Executor.testExecutor" name="@BeforeSuite getExcelData" time="0.0">
    <ignored/>
  </testcase> <!-- @BeforeSuite getExcelData -->
  <testcase classname="Executor.testExecutor" name="@BeforeSuite getExcelData" time="0.0">
    <ignored/>
  </testcase> <!-- @BeforeSuite getExcelData -->
  <testcase classname="Executor.testExecutor" name="@BeforeSuite getExcelData" time="0.0">
    <ignored/>
  </testcase> <!-- @BeforeSuite getExcelData -->
  <testcase classname="Executor.testExecutor" name="@BeforeSuite getExcelData" time="0.0">
    <ignored/>
  </testcase> <!-- @BeforeSuite getExcelData -->
  <testcase classname="Executor.testExecutor" name="@BeforeSuite getExcelData" time="0.0">
    <ignored/>
  </testcase> <!-- @BeforeSuite getExcelData -->
  <testcase classname="Executor.testExecutor" name="@BeforeTest createExtentReport" time="0.0">
    <ignored/>
  </testcase> <!-- @BeforeTest createExtentReport -->
  <testcase classname="Executor.testExecutor" name="@BeforeTest createExtentReport" time="0.0">
    <ignored/>
  </testcase> <!-- @BeforeTest createExtentReport -->
  <testcase classname="Executor.testExecutor" name="@BeforeTest createExtentReport" time="0.0">
    <ignored/>
  </testcase> <!-- @BeforeTest createExtentReport -->
  <testcase classname="Executor.testExecutor" name="@BeforeTest createExtentReport" time="0.0">
    <ignored/>
  </testcase> <!-- @BeforeTest createExtentReport -->
  <testcase classname="Executor.testExecutor" name="@BeforeTest createExtentReport" time="0.0">
    <ignored/>
  </testcase> <!-- @BeforeTest createExtentReport -->
  <testcase classname="Executor.testExecutor" name="@BeforeTest getWebDriver" time="0.0">
    <ignored/>
  </testcase> <!-- @BeforeTest getWebDriver -->
  <testcase classname="Executor.testExecutor" name="@BeforeTest getWebDriver" time="0.0">
    <ignored/>
  </testcase> <!-- @BeforeTest getWebDriver -->
  <testcase classname="Executor.testExecutor" name="@BeforeTest getWebDriver" time="0.0">
    <ignored/>
  </testcase> <!-- @BeforeTest getWebDriver -->
  <testcase classname="Executor.testExecutor" name="@BeforeTest getWebDriver" time="0.0">
    <ignored/>
  </testcase> <!-- @BeforeTest getWebDriver -->
  <testcase classname="Executor.testExecutor" name="@BeforeTest getWebDriver" time="0.0">
    <ignored/>
  </testcase> <!-- @BeforeTest getWebDriver -->
  <testcase classname="SmokeTesting.smokeTest" name="verifyCountry" time="0.0">
    <ignored/>
  </testcase> <!-- verifyCountry -->
  <testcase classname="SmokeTesting.smokeTest" name="verifyLoginButton" time="0.0">
    <ignored/>
  </testcase> <!-- verifyLoginButton -->
  <testcase classname="Executor.testExecutor" name="@AfterTest closeBrowser" time="0.0">
    <ignored/>
  </testcase> <!-- @AfterTest closeBrowser -->
  <testcase classname="Executor.testExecutor" name="@AfterTest closeBrowser" time="0.0">
    <ignored/>
  </testcase> <!-- @AfterTest closeBrowser -->
  <testcase classname="Executor.testExecutor" name="@AfterTest closeBrowser" time="0.0">
    <ignored/>
  </testcase> <!-- @AfterTest closeBrowser -->
  <testcase classname="Executor.testExecutor" name="@AfterTest closeBrowser" time="0.0">
    <ignored/>
  </testcase> <!-- @AfterTest closeBrowser -->
  <testcase classname="Executor.testExecutor" name="@AfterTest closeBrowser" time="0.0">
    <ignored/>
  </testcase> <!-- @AfterTest closeBrowser -->
</testsuite> <!-- Test -->
