<?xml version="1.0" encoding="UTF-8"?>
<!-- Generated by org.testng.reporters.JUnitXMLReporter -->
<testsuite ignored="31" hostname="Sachin" failures="0" tests="11" name="Test" time="49.269" errors="0" timestamp="2021-07-18T20:47:29 IST">
  <testcase classname="SmokeTesting.smokeTest" name="loginWithGmail" time="1.583"/>
  <testcase classname="SmokeTesting.smokeTest" name="loginFromPopUp" time="10.133"/>
  <testcase classname="RegressionTesting.hotelScenario" name="getAdultsList" time="4.716"/>
  <testcase classname="RegressionTesting.cabScenario" name="searchCab" time="1.577"/>
  <testcase classname="RegressionTesting.cabScenario" name="departure" time="1.297"/>
  <testcase classname="RegressionTesting.cabScenario" name="arrival" time="0.617"/>
  <testcase classname="RegressionTesting.cabScenario" name="calender" time="0.933"/>
  <testcase classname="RegressionTesting.cabScenario" name="time" time="6.01"/>
  <testcase classname="RegressionTesting.cabScenario" name="getCabDetails" time="6.045"/>
  <testcase classname="RegressionTesting.giftCardScenario" name="giftCards" time="1.978"/>
  <testcase classname="RegressionTesting.giftCardScenario" name="buyGiftCard" time="7.087"/>
  <testcase classname="SmokeTesting.smokeTest" name="verifyRoomsAndGuestButton" time="0.0">
    <ignored/>
  </testcase> <!-- verifyRoomsAndGuestButton -->
  <testcase classname="Executor.testExecutor" name="@BeforeTest createExtentReport" time="0.0">
    <ignored/>
  </testcase> <!-- @BeforeTest createExtentReport -->
  <testcase classname="Executor.testExecutor" name="@BeforeTest createExtentReport" time="0.0">
    <ignored/>
  </testcase> <!-- @BeforeTest createExtentReport -->
  <testcase classname="Executor.testExecutor" name="@BeforeTest createExtentReport" time="0.0">
    <ignored/>
  </testcase> <!-- @BeforeTest createExtentReport -->
  <testcase classname="Executor.testExecutor" name="@BeforeTest createExtentReport" time="0.0">
    <ignored/>
  </testcase> <!-- @BeforeTest createExtentReport -->
  <testcase classname="SmokeTesting.smokeTest" name="verifyHotelButton" time="0.0">
    <ignored/>
  </testcase> <!-- verifyHotelButton -->
  <testcase classname="Executor.testExecutor" name="@BeforeTest getWebDriver" time="0.0">
    <ignored/>
  </testcase> <!-- @BeforeTest getWebDriver -->
  <testcase classname="Executor.testExecutor" name="@BeforeTest getWebDriver" time="0.0">
    <ignored/>
  </testcase> <!-- @BeforeTest getWebDriver -->
  <testcase classname="Executor.testExecutor" name="@BeforeTest getWebDriver" time="0.0">
    <ignored/>
  </testcase> <!-- @BeforeTest getWebDriver -->
  <testcase classname="Executor.testExecutor" name="@BeforeTest getWebDriver" time="0.0">
    <ignored/>
  </testcase> <!-- @BeforeTest getWebDriver -->
  <testcase classname="SmokeTesting.smokeTest" name="verifyBuyNowButton" time="0.0">
    <ignored/>
  </testcase> <!-- verifyBuyNowButton -->
  <testcase classname="SmokeTesting.smokeTest" name="verifyCabButton" time="0.0">
    <ignored/>
  </testcase> <!-- verifyCabButton -->
  <testcase classname="SmokeTesting.smokeTest" name="verifySelectedRadioButton" time="0.0">
    <ignored/>
  </testcase> <!-- verifySelectedRadioButton -->
  <testcase classname="SmokeTesting.smokeTest" name="verifyLoginButton" time="0.0">
    <ignored/>
  </testcase> <!-- verifyLoginButton -->
  <testcase classname="Executor.testExecutor" name="@AfterTest closeBrowser" time="0.0">
    <ignored/>
  </testcase> <!-- @AfterTest closeBrowser -->
  <testcase classname="Executor.testExecutor" name="@AfterTest closeBrowser" time="0.0">
    <ignored/>
  </testcase> <!-- @AfterTest closeBrowser -->
  <testcase classname="Executor.testExecutor" name="@AfterTest closeBrowser" time="0.0">
    <ignored/>
  </testcase> <!-- @AfterTest closeBrowser -->
  <testcase classname="Executor.testExecutor" name="@AfterTest closeBrowser" time="0.0">
    <ignored/>
  </testcase> <!-- @AfterTest closeBrowser -->
  <testcase classname="SmokeTesting.smokeTest" name="verifyFathersDayGiftCard" time="0.0">
    <ignored/>
  </testcase> <!-- verifyFathersDayGiftCard -->
  <testcase classname="SmokeTesting.smokeTest" name="getHomePageSignature" time="0.0">
    <ignored/>
  </testcase> <!-- getHomePageSignature -->
  <testcase classname="Executor.testExecutor" name="@BeforeSuite getExcelData" time="0.0">
    <ignored/>
  </testcase> <!-- @BeforeSuite getExcelData -->
  <testcase classname="Executor.testExecutor" name="@BeforeSuite getExcelData" time="0.0">
    <ignored/>
  </testcase> <!-- @BeforeSuite getExcelData -->
  <testcase classname="Executor.testExecutor" name="@BeforeSuite getExcelData" time="0.0">
    <ignored/>
  </testcase> <!-- @BeforeSuite getExcelData -->
  <testcase classname="Executor.testExecutor" name="@BeforeSuite getExcelData" time="0.0">
    <ignored/>
  </testcase> <!-- @BeforeSuite getExcelData -->
  <testcase classname="SmokeTesting.smokeTest" name="verifyGiftCardTitle" time="0.0">
    <ignored/>
  </testcase> <!-- verifyGiftCardTitle -->
  <testcase classname="SmokeTesting.smokeTest" name="verifyCabSearchButton" time="0.0">
    <ignored/>
  </testcase> <!-- verifyCabSearchButton -->
  <testcase classname="SmokeTesting.smokeTest" name="verifyCountry" time="0.0">
    <ignored/>
  </testcase> <!-- verifyCountry -->
  <testcase classname="SmokeTesting.smokeTest" name="verifySUVButton" time="0.0">
    <ignored/>
  </testcase> <!-- verifySUVButton -->
  <testcase classname="SmokeTesting.smokeTest" name="verifyCalenderDropDown" time="0.0">
    <ignored/>
  </testcase> <!-- verifyCalenderDropDown -->
  <testcase classname="SmokeTesting.smokeTest" name="verifyErrorForSameCitySelected" time="0.0">
    <ignored/>
  </testcase> <!-- verifyErrorForSameCitySelected -->
  <testcase classname="SmokeTesting.smokeTest" name="verifyPickUpTimeDropDown" time="0.0">
    <ignored/>
  </testcase> <!-- verifyPickUpTimeDropDown -->
</testsuite> <!-- Test -->
