<?xml version="1.0" encoding="UTF-8"?>
<!-- Generated by org.testng.reporters.JUnitXMLReporter -->
<testsuite ignored="0" hostname="LAPTOP-U9BUGGJ3" failures="0" tests="5" name="Test" time="0.028" errors="0" timestamp="2021-07-07T22:44:04 IST">
  <testcase classname="makeMyTripTests" name="@BeforeSuite getExcelData" time="0.553">
    <failure type="java.lang.NullPointerException">
      <![CDATA[java.lang.NullPointerException
at readExcelData.getData(readExcelData.java:31)
at makeMyTripTests.getExcelData(makeMyTripTests.java:31)
at makeMyTripTests.invokeTestNG(makeMyTripTests.java:79)
at makeMyTripTests.main(makeMyTripTests.java:85)
... Removed 16 stack frames]]>
    </failure>
  </testcase> <!-- @BeforeSuite getExcelData -->
  <testcase classname="makeMyTripTests" name="@BeforeTest getWebDriver" time="-1.625678044862E9">
    <skipped/>
  </testcase> <!-- @BeforeTest getWebDriver -->
  <testcase classname="makeMyTripTests" name="@AfterTest closeBrowser" time="-1.62567804489E9">
    <skipped/>
  </testcase> <!-- @AfterTest closeBrowser -->
  <testcase classname="makeMyTripTests" name="searchCab" time="0.0">
    <skipped/>
  </testcase> <!-- searchCab -->
  <testcase classname="makeMyTripTests" name="buyGiftCard" time="0.0">
    <skipped/>
  </testcase> <!-- buyGiftCard -->
  <testcase classname="makeMyTripTests" name="getAdultsList" time="0.0">
    <skipped/>
  </testcase> <!-- getAdultsList -->
  <testcase classname="makeMyTripTests" name="getHomePageTitle" time="0.0">
    <skipped/>
  </testcase> <!-- getHomePageTitle -->
  <testcase classname="makeMyTripTests" name="getCabDetails" time="0.0">
    <skipped/>
  </testcase> <!-- getCabDetails -->
</testsuite> <!-- Test -->
