<?xml version="1.0" encoding="UTF-8"?>
<!-- Generated by org.testng.reporters.JUnitXMLReporter -->
<testsuite ignored="0" hostname="DESKTOP-J31I2ID" failures="1" tests="7" name="Test" time="74.139" errors="0" timestamp="2021-07-12T16:25:58 IST">
  <testcase classname="makeMyTripTests" name="buyGiftCard" time="0.001"/>
  <testcase classname="makeMyTripTests" name="getAdultsList" time="9.071"/>
  <testcase classname="makeMyTripTests" name="getHomePageSignature" time="0.78"/>
  <testcase classname="makeMyTripTests" name="loginWithGmail" time="1.662"/>
  <testcase classname="makeMyTripTests" name="loginFromPopUp" time="0.026"/>
  <testcase classname="makeMyTripTests" name="searchCab" time="6.5">
    <failure type="org.openqa.selenium.InvalidSelectorException" message="Compound class names not permitted
For documentation on this error, please visit: https://selenium.dev/exceptions/#invalid_selector_exception
Build info: version: &amp;apos;4.0.0-beta-4&amp;apos;, revision: &amp;apos;29f46d02dd&amp;apos;
System info: host: &amp;apos;DESKTOP-J31I2ID&amp;apos;, ip: &amp;apos;192.168.43.212&amp;apos;, os.name: &amp;apos;Windows 10&amp;apos;, os.arch: &amp;apos;amd64&amp;apos;, os.version: &amp;apos;10.0&amp;apos;, java.version: &amp;apos;16.0.1&amp;apos;
Driver info: driver.version: unknown">
      <![CDATA[org.openqa.selenium.InvalidSelectorException: Compound class names not permitted
For documentation on this error, please visit: https://selenium.dev/exceptions/#invalid_selector_exception
Build info: version: '4.0.0-beta-4', revision: '29f46d02dd'
System info: host: 'DESKTOP-J31I2ID', ip: '192.168.43.212', os.name: 'Windows 10', os.arch: 'amd64', os.version: '10.0', java.version: '16.0.1'
Driver info: driver.version: unknown
at org.openqa.selenium.By$ByClassName.<init>(By.java:310)
at org.openqa.selenium.By.className(By.java:100)
at makeMyTripTests.searchCab(makeMyTripTests.java:146)
at java.base/java.util.ArrayList.forEach(ArrayList.java:1511)
at makeMyTripTests.invokeTestNG(makeMyTripTests.java:204)
at makeMyTripTests.main(makeMyTripTests.java:210)
... Removed 24 stack frames]]>
    </failure>
  </testcase> <!-- searchCab -->
  <testcase classname="makeMyTripTests" name="getCabDetails" time="0.0">
    <skipped/>
  </testcase> <!-- getCabDetails -->
</testsuite> <!-- Test -->
