<?xml version="1.0" encoding="UTF-8"?>
<!-- Generated by org.testng.reporters.JUnitXMLReporter -->
<testsuite ignored="0" hostname="DESKTOP-J31I2ID" failures="2" tests="7" name="Test" time="137.3" errors="0" timestamp="2021-07-12T15:09:10 IST">
  <testcase classname="makeMyTripTests" name="buyGiftCard" time="0.004"/>
  <testcase classname="makeMyTripTests" name="getAdultsList" time="2.919">
    <failure type="org.openqa.selenium.ElementClickInterceptedException" message="element click intercepted: Element &amp;lt;span class=&amp;quot;chNavText darkGreyText&amp;quot; style=&amp;quot;background-color: rgba(0, 0, 0, 0);&amp;quot;&amp;gt;...&amp;lt;/span&amp;gt; is not clickable at point (393, 144). Other element would receive the click: &amp;lt;div data-cy=&amp;quot;outsideModal&amp;quot; class=&amp;quot;loginModal displayBlock modalLogin dynHeight personal &amp;quot;&amp;gt;&amp;lt;/div&amp;gt;
  (Session info: chrome=91.0.4472.124)
Build info: version: &amp;apos;4.0.0-beta-4&amp;apos;, revision: &amp;apos;29f46d02dd&amp;apos;
System info: host: &amp;apos;DESKTOP-J31I2ID&amp;apos;, ip: &amp;apos;192.168.43.212&amp;apos;, os.name: &amp;apos;Windows 10&amp;apos;, os.arch: &amp;apos;amd64&amp;apos;, os.version: &amp;apos;10.0&amp;apos;, java.version: &amp;apos;16.0.1&amp;apos;
Driver info: org.openqa.selenium.chrome.ChromeDriver
Command: [e064cfab61e4e4f82e735a5e90b226d5, clickElement {id=df8ff403-91ee-4803-8610-f1d728adfdcc}]
Capabilities {acceptInsecureCerts: false, browserName: chrome, browserVersion: 91.0.4472.124, chrome: {chromedriverVersion: 91.0.4472.101 (af52a90bf870..., userDataDir: C:\Users\UMASHA~1\AppData\L...}, goog:chromeOptions: {debuggerAddress: localhost:49958}, javascriptEnabled: true, networkConnectionEnabled: false, pageLoadStrategy: normal, platform: WINDOWS, platformName: WINDOWS, proxy: Proxy(), se:cdp: ws://localhost:49958/devtoo..., se:cdpVersion: 91.0.4472.124, setWindowRect: true, strictFileInteractability: false, timeouts: {implicit: 0, pageLoad: 300000, script: 30000}, unhandledPromptBehavior: dismiss and notify, webauthn:extension:largeBlob: true, webauthn:virtualAuthenticators: true}
Element: [[ChromeDriver: chrome on WINDOWS (e064cfab61e4e4f82e735a5e90b226d5)] -&amp;gt; xpath: //li[@class=&amp;apos;menu_Hotels&amp;apos;]//span[2]]
Session ID: e064cfab61e4e4f82e735a5e90b226d5">
      <![CDATA[org.openqa.selenium.ElementClickInterceptedException: element click intercepted: Element <span class="chNavText darkGreyText" style="background-color: rgba(0, 0, 0, 0);">...</span> is not clickable at point (393, 144). Other element would receive the click: <div data-cy="outsideModal" class="loginModal displayBlock modalLogin dynHeight personal "></div>
  (Session info: chrome=91.0.4472.124)
Build info: version: '4.0.0-beta-4', revision: '29f46d02dd'
System info: host: 'DESKTOP-J31I2ID', ip: '192.168.43.212', os.name: 'Windows 10', os.arch: 'amd64', os.version: '10.0', java.version: '16.0.1'
Driver info: org.openqa.selenium.chrome.ChromeDriver
Command: [e064cfab61e4e4f82e735a5e90b226d5, clickElement {id=df8ff403-91ee-4803-8610-f1d728adfdcc}]
Capabilities {acceptInsecureCerts: false, browserName: chrome, browserVersion: 91.0.4472.124, chrome: {chromedriverVersion: 91.0.4472.101 (af52a90bf870..., userDataDir: C:\Users\UMASHA~1\AppData\L...}, goog:chromeOptions: {debuggerAddress: localhost:49958}, javascriptEnabled: true, networkConnectionEnabled: false, pageLoadStrategy: normal, platform: WINDOWS, platformName: WINDOWS, proxy: Proxy(), se:cdp: ws://localhost:49958/devtoo..., se:cdpVersion: 91.0.4472.124, setWindowRect: true, strictFileInteractability: false, timeouts: {implicit: 0, pageLoad: 300000, script: 30000}, unhandledPromptBehavior: dismiss and notify, webauthn:extension:largeBlob: true, webauthn:virtualAuthenticators: true}
Element: [[ChromeDriver: chrome on WINDOWS (e064cfab61e4e4f82e735a5e90b226d5)] -> xpath: //li[@class='menu_Hotels']//span[2]]
Session ID: e064cfab61e4e4f82e735a5e90b226d5
at org.openqa.selenium.remote.codec.w3c.W3CHttpResponseCodec.createException(W3CHttpResponseCodec.java:200)
at org.openqa.selenium.remote.codec.w3c.W3CHttpResponseCodec.decode(W3CHttpResponseCodec.java:133)
at org.openqa.selenium.remote.codec.w3c.W3CHttpResponseCodec.decode(W3CHttpResponseCodec.java:53)
at org.openqa.selenium.remote.HttpCommandExecutor.execute(HttpCommandExecutor.java:184)
at org.openqa.selenium.remote.service.DriverCommandExecutor.invokeExecute(DriverCommandExecutor.java:162)
at org.openqa.selenium.remote.service.DriverCommandExecutor.execute(DriverCommandExecutor.java:137)
at org.openqa.selenium.remote.RemoteWebDriver.execute(RemoteWebDriver.java:612)
at org.openqa.selenium.remote.RemoteWebElement.execute(RemoteWebElement.java:235)
at org.openqa.selenium.remote.RemoteWebElement.click(RemoteWebElement.java:73)
at makeMyTripTests.getAdultsList(makeMyTripTests.java:171)
at java.base/java.util.ArrayList.forEach(ArrayList.java:1511)
at makeMyTripTests.invokeTestNG(makeMyTripTests.java:204)
at makeMyTripTests.main(makeMyTripTests.java:210)
... Removed 29 stack frames]]>
    </failure>
  </testcase> <!-- getAdultsList -->
  <testcase classname="makeMyTripTests" name="getHomePageSignature" time="7.707"/>
  <testcase classname="makeMyTripTests" name="loginWithGmail" time="1.522"/>
  <testcase classname="makeMyTripTests" name="loginFromPopUp" time="37.574"/>
  <testcase classname="makeMyTripTests" name="searchCab" time="0.116">
    <failure type="org.openqa.selenium.NoSuchElementException" message="no such element: Unable to locate element: {&amp;quot;method&amp;quot;:&amp;quot;xpath&amp;quot;,&amp;quot;selector&amp;quot;:&amp;quot;//span[@class=&amp;apos;chNavText darkGreyText&amp;apos;][normalize-space()=&amp;apos;Cabs&amp;apos;]&amp;quot;}
  (Session info: chrome=91.0.4472.124)
For documentation on this error, please visit: https://selenium.dev/exceptions/#no_such_element
Build info: version: &amp;apos;4.0.0-beta-4&amp;apos;, revision: &amp;apos;29f46d02dd&amp;apos;
System info: host: &amp;apos;DESKTOP-J31I2ID&amp;apos;, ip: &amp;apos;192.168.43.212&amp;apos;, os.name: &amp;apos;Windows 10&amp;apos;, os.arch: &amp;apos;amd64&amp;apos;, os.version: &amp;apos;10.0&amp;apos;, java.version: &amp;apos;16.0.1&amp;apos;
Driver info: org.openqa.selenium.chrome.ChromeDriver
Command: [e064cfab61e4e4f82e735a5e90b226d5, findElement {using=xpath, value=//span[@class=&amp;apos;chNavText darkGreyText&amp;apos;][normalize-space()=&amp;apos;Cabs&amp;apos;]}]
Capabilities {acceptInsecureCerts: false, browserName: chrome, browserVersion: 91.0.4472.124, chrome: {chromedriverVersion: 91.0.4472.101 (af52a90bf870..., userDataDir: C:\Users\UMASHA~1\AppData\L...}, goog:chromeOptions: {debuggerAddress: localhost:49958}, javascriptEnabled: true, networkConnectionEnabled: false, pageLoadStrategy: normal, platform: WINDOWS, platformName: WINDOWS, proxy: Proxy(), se:cdp: ws://localhost:49958/devtoo..., se:cdpVersion: 91.0.4472.124, setWindowRect: true, strictFileInteractability: false, timeouts: {implicit: 0, pageLoad: 300000, script: 30000}, unhandledPromptBehavior: dismiss and notify, webauthn:extension:largeBlob: true, webauthn:virtualAuthenticators: true}
Session ID: e064cfab61e4e4f82e735a5e90b226d5">
      <![CDATA[org.openqa.selenium.NoSuchElementException: no such element: Unable to locate element: {"method":"xpath","selector":"//span[@class='chNavText darkGreyText'][normalize-space()='Cabs']"}
  (Session info: chrome=91.0.4472.124)
For documentation on this error, please visit: https://selenium.dev/exceptions/#no_such_element
Build info: version: '4.0.0-beta-4', revision: '29f46d02dd'
System info: host: 'DESKTOP-J31I2ID', ip: '192.168.43.212', os.name: 'Windows 10', os.arch: 'amd64', os.version: '10.0', java.version: '16.0.1'
Driver info: org.openqa.selenium.chrome.ChromeDriver
Command: [e064cfab61e4e4f82e735a5e90b226d5, findElement {using=xpath, value=//span[@class='chNavText darkGreyText'][normalize-space()='Cabs']}]
Capabilities {acceptInsecureCerts: false, browserName: chrome, browserVersion: 91.0.4472.124, chrome: {chromedriverVersion: 91.0.4472.101 (af52a90bf870..., userDataDir: C:\Users\UMASHA~1\AppData\L...}, goog:chromeOptions: {debuggerAddress: localhost:49958}, javascriptEnabled: true, networkConnectionEnabled: false, pageLoadStrategy: normal, platform: WINDOWS, platformName: WINDOWS, proxy: Proxy(), se:cdp: ws://localhost:49958/devtoo..., se:cdpVersion: 91.0.4472.124, setWindowRect: true, strictFileInteractability: false, timeouts: {implicit: 0, pageLoad: 300000, script: 30000}, unhandledPromptBehavior: dismiss and notify, webauthn:extension:largeBlob: true, webauthn:virtualAuthenticators: true}
Session ID: e064cfab61e4e4f82e735a5e90b226d5
at org.openqa.selenium.remote.codec.w3c.W3CHttpResponseCodec.createException(W3CHttpResponseCodec.java:200)
at org.openqa.selenium.remote.codec.w3c.W3CHttpResponseCodec.decode(W3CHttpResponseCodec.java:133)
at org.openqa.selenium.remote.codec.w3c.W3CHttpResponseCodec.decode(W3CHttpResponseCodec.java:53)
at org.openqa.selenium.remote.HttpCommandExecutor.execute(HttpCommandExecutor.java:184)
at org.openqa.selenium.remote.service.DriverCommandExecutor.invokeExecute(DriverCommandExecutor.java:162)
at org.openqa.selenium.remote.service.DriverCommandExecutor.execute(DriverCommandExecutor.java:137)
at org.openqa.selenium.remote.RemoteWebDriver.execute(RemoteWebDriver.java:612)
at org.openqa.selenium.remote.RemoteWebDriver$Mechanism$2.findElement(RemoteWebDriver.java:1251)
at org.openqa.selenium.remote.RemoteWebDriver.findElement(RemoteWebDriver.java:379)
at org.openqa.selenium.remote.RemoteWebDriver.findElement(RemoteWebDriver.java:373)
at makeMyTripTests.searchCab(makeMyTripTests.java:118)
at java.base/java.util.ArrayList.forEach(ArrayList.java:1511)
at makeMyTripTests.invokeTestNG(makeMyTripTests.java:204)
at makeMyTripTests.main(makeMyTripTests.java:210)
... Removed 29 stack frames]]>
    </failure>
  </testcase> <!-- searchCab -->
  <testcase classname="makeMyTripTests" name="getCabDetails" time="0.0">
    <skipped/>
  </testcase> <!-- getCabDetails -->
</testsuite> <!-- Test -->
