<?xml version="1.0" encoding="UTF-8"?>
<!-- Generated by org.testng.reporters.JUnitXMLReporter -->
<testsuite ignored="0" hostname="Sachin" failures="0" tests="5" name="Default test" time="46.108" errors="0" timestamp="2021-07-25T14:47:27 IST">
  <testcase classname="RegressionTesting.verifyVariousButtons" name="verifyCabButton" time="1.867"/>
  <testcase classname="RegressionTesting.verifyVariousButtons" name="verifyCabSearchButton" time="8.141"/>
  <testcase classname="RegressionTesting.verifyVariousButtons" name="verifyHotelButton" time="3.016"/>
  <testcase classname="RegressionTesting.verifyVariousButtons" name="verifyHotelSearchButton" time="14.835"/>
  <testcase classname="RegressionTesting.verifyVariousButtons" name="verifyBuyNowButton" time="9.619"/>
</testsuite> <!-- Default test -->
