<?xml version="1.0" encoding="UTF-8"?>
<!-- Generated by org.testng.reporters.JUnitXMLReporter -->
<testsuite ignored="4" hostname="Sachin" failures="0" tests="1" name="Default test" time="15.048" errors="0" timestamp="2021-08-04T11:34:27 IST">
  <testcase classname="SmokeTesting.smokeTest" name="loginFromPopUp" time="5.013"/>
  <testcase classname="SmokeTesting.smokeTest" name="getHomePageSignature" time="0.0">
    <ignored/>
  </testcase> <!-- getHomePageSignature -->
  <testcase classname="SmokeTesting.smokeTest" name="verifyCountry" time="0.0">
    <ignored/>
  </testcase> <!-- verifyCountry -->
  <testcase classname="SmokeTesting.smokeTest" name="verifyLoginButton" time="0.0">
    <ignored/>
  </testcase> <!-- verifyLoginButton -->
  <testcase classname="SmokeTesting.smokeTest" name="loginWithGmail" time="0.0">
    <ignored/>
  </testcase> <!-- loginWithGmail -->
</testsuite> <!-- Default test -->
