<?xml version="1.0" encoding="UTF-8"?>
<testng-results ignored="0" total="5" passed="5" failed="0" skipped="0">
  <reporter-output>
  </reporter-output>
  <suite started-at="2021-07-24T16:07:01 IST" name="Default suite" finished-at="2021-07-24T16:07:23 IST" duration-ms="21345">
    <groups>
    </groups>
    <test started-at="2021-07-24T16:07:01 IST" name="Default test" finished-at="2021-07-24T16:07:23 IST" duration-ms="21345">
      <class name="SmokeTesting.smokeTest">
        <test-method is-config="true" signature="getExcelData()[pri:0, instance:SmokeTesting.smokeTest@71ba6d4e]" started-at="2021-07-24T16:07:01 IST" name="getExcelData" finished-at="2021-07-24T16:07:01 IST" duration-ms="382" status="PASS">
          <reporter-output>
          </reporter-output>
        </test-method> <!-- getExcelData -->
        <test-method is-config="true" signature="createExtentReport()[pri:0, instance:SmokeTesting.smokeTest@71ba6d4e]" started-at="2021-07-24T16:07:01 IST" name="createExtentReport" finished-at="2021-07-24T16:07:01 IST" duration-ms="171" status="PASS">
          <reporter-output>
          </reporter-output>
        </test-method> <!-- createExtentReport -->
        <test-method is-config="true" signature="getWebDriver()[pri:0, instance:SmokeTesting.smokeTest@71ba6d4e]" started-at="2021-07-24T16:07:01 IST" name="getWebDriver" finished-at="2021-07-24T16:07:07 IST" duration-ms="5110" status="PASS">
          <reporter-output>
          </reporter-output>
        </test-method> <!-- getWebDriver -->
        <test-method signature="getHomePageSignature()[pri:0, instance:SmokeTesting.smokeTest@71ba6d4e]" started-at="2021-07-24T16:07:07 IST" name="getHomePageSignature" finished-at="2021-07-24T16:07:08 IST" duration-ms="1279" status="PASS">
          <reporter-output>
          </reporter-output>
        </test-method> <!-- getHomePageSignature -->
        <test-method signature="verifyCountry()[pri:1, instance:SmokeTesting.smokeTest@71ba6d4e]" started-at="2021-07-24T16:07:08 IST" name="verifyCountry" finished-at="2021-07-24T16:07:09 IST" duration-ms="765" status="PASS">
          <reporter-output>
          </reporter-output>
        </test-method> <!-- verifyCountry -->
        <test-method signature="verifyLoginButton()[pri:2, instance:SmokeTesting.smokeTest@71ba6d4e]" started-at="2021-07-24T16:07:09 IST" name="verifyLoginButton" finished-at="2021-07-24T16:07:09 IST" duration-ms="773" status="PASS">
          <reporter-output>
          </reporter-output>
        </test-method> <!-- verifyLoginButton -->
        <test-method signature="loginWithGmail()[pri:3, instance:SmokeTesting.smokeTest@71ba6d4e]" started-at="2021-07-24T16:07:09 IST" name="loginWithGmail" finished-at="2021-07-24T16:07:10 IST" duration-ms="1099" status="PASS">
          <reporter-output>
          </reporter-output>
        </test-method> <!-- loginWithGmail -->
        <test-method signature="loginFromPopUp()[pri:4, instance:SmokeTesting.smokeTest@71ba6d4e]" started-at="2021-07-24T16:07:10 IST" name="loginFromPopUp" finished-at="2021-07-24T16:07:20 IST" duration-ms="9411" status="PASS">
          <reporter-output>
          </reporter-output>
        </test-method> <!-- loginFromPopUp -->
        <test-method is-config="true" signature="closeBrowser()[pri:0, instance:SmokeTesting.smokeTest@71ba6d4e]" started-at="2021-07-24T16:07:20 IST" name="closeBrowser" finished-at="2021-07-24T16:07:23 IST" duration-ms="2712" status="PASS">
          <reporter-output>
          </reporter-output>
        </test-method> <!-- closeBrowser -->
      </class> <!-- SmokeTesting.smokeTest -->
    </test> <!-- Default test -->
  </suite> <!-- Default suite -->
</testng-results>
