<?xml version="1.0" encoding="UTF-8"?>
<testng-results ignored="0" total="2" passed="2" failed="0" skipped="0">
  <reporter-output>
  </reporter-output>
  <suite started-at="2021-07-16T11:53:19 IST" name="Default suite" finished-at="2021-07-16T11:53:43 IST" duration-ms="24269">
    <groups>
    </groups>
    <test started-at="2021-07-16T11:53:19 IST" name="Default test" finished-at="2021-07-16T11:53:43 IST" duration-ms="24269">
      <class name="RegressionTesting.giftCardScenario">
        <test-method is-config="true" signature="getExcelData()[pri:0, instance:RegressionTesting.giftCardScenario@63376bed]" started-at="2021-07-16T11:53:18 IST" name="getExcelData" finished-at="2021-07-16T11:53:19 IST" duration-ms="446" status="PASS">
          <reporter-output>
          </reporter-output>
        </test-method> <!-- getExcelData -->
        <test-method is-config="true" signature="createExtentReport()[pri:0, instance:RegressionTesting.giftCardScenario@63376bed]" started-at="2021-07-16T11:53:19 IST" name="createExtentReport" finished-at="2021-07-16T11:53:19 IST" duration-ms="192" status="PASS">
          <reporter-output>
          </reporter-output>
        </test-method> <!-- createExtentReport -->
        <test-method is-config="true" signature="getWebDriver()[pri:0, instance:RegressionTesting.giftCardScenario@63376bed]" started-at="2021-07-16T11:53:19 IST" name="getWebDriver" finished-at="2021-07-16T11:53:24 IST" duration-ms="5412" status="PASS">
          <reporter-output>
          </reporter-output>
        </test-method> <!-- getWebDriver -->
        <test-method signature="giftCards()[pri:0, instance:RegressionTesting.giftCardScenario@63376bed]" started-at="2021-07-16T11:53:24 IST" name="giftCards" finished-at="2021-07-16T11:53:29 IST" duration-ms="4990" status="PASS">
          <reporter-output>
          </reporter-output>
        </test-method> <!-- giftCards -->
        <test-method signature="buyGiftCard()[pri:0, instance:RegressionTesting.giftCardScenario@63376bed]" started-at="2021-07-16T11:53:29 IST" name="buyGiftCard" finished-at="2021-07-16T11:53:39 IST" depends-on-methods="RegressionTesting.giftCardScenario.giftCards" duration-ms="9877" status="PASS">
          <reporter-output>
          </reporter-output>
        </test-method> <!-- buyGiftCard -->
        <test-method is-config="true" signature="closeBrowser()[pri:0, instance:RegressionTesting.giftCardScenario@63376bed]" started-at="2021-07-16T11:53:39 IST" name="closeBrowser" finished-at="2021-07-16T11:53:43 IST" duration-ms="3765" status="PASS">
          <reporter-output>
          </reporter-output>
        </test-method> <!-- closeBrowser -->
      </class> <!-- RegressionTesting.giftCardScenario -->
    </test> <!-- Default test -->
  </suite> <!-- Default suite -->
</testng-results>
