<?xml version="1.0" encoding="UTF-8"?>
<testng-results ignored="2" total="3" passed="1" failed="0" skipped="0">
  <reporter-output>
  </reporter-output>
  <suite started-at="2021-07-13T00:11:22 IST" name="Default suite" finished-at="2021-07-13T00:11:43 IST" duration-ms="21229">
    <groups>
    </groups>
    <test started-at="2021-07-13T00:11:22 IST" name="Default test" finished-at="2021-07-13T00:11:43 IST" duration-ms="21229">
      <class name="SmokeTesting.logingIn">
        <test-method is-config="true" signature="getExcelData()[pri:0, instance:SmokeTesting.logingIn@750e2b97]" started-at="2021-07-13T00:11:22 IST" name="getExcelData" finished-at="2021-07-13T00:11:22 IST" duration-ms="376" status="PASS">
          <reporter-output>
          </reporter-output>
        </test-method> <!-- getExcelData -->
        <test-method is-config="true" signature="createExtentReport()[pri:0, instance:SmokeTesting.logingIn@750e2b97]" started-at="2021-07-13T00:11:22 IST" name="createExtentReport" finished-at="2021-07-13T00:11:22 IST" duration-ms="162" status="PASS">
          <reporter-output>
          </reporter-output>
        </test-method> <!-- createExtentReport -->
        <test-method is-config="true" signature="getWebDriver()[pri:0, instance:SmokeTesting.logingIn@750e2b97]" started-at="2021-07-13T00:11:22 IST" name="getWebDriver" finished-at="2021-07-13T00:11:27 IST" duration-ms="4478" status="PASS">
          <reporter-output>
          </reporter-output>
        </test-method> <!-- getWebDriver -->
        <test-method signature="loginFromPopUp()[pri:1, instance:SmokeTesting.logingIn@750e2b97]" started-at="2021-07-13T00:11:27 IST" name="loginFromPopUp" finished-at="2021-07-13T00:11:40 IST" duration-ms="12858" status="PASS">
          <reporter-output>
          </reporter-output>
        </test-method> <!-- loginFromPopUp -->
        <test-method is-config="true" signature="closeBrowser()[pri:0, instance:SmokeTesting.logingIn@750e2b97]" started-at="2021-07-13T00:11:40 IST" name="closeBrowser" finished-at="2021-07-13T00:11:43 IST" duration-ms="3702" status="PASS">
          <reporter-output>
          </reporter-output>
        </test-method> <!-- closeBrowser -->
      </class> <!-- SmokeTesting.logingIn -->
    </test> <!-- Default test -->
  </suite> <!-- Default suite -->
</testng-results>
