<?xml version="1.0" encoding="UTF-8"?>
<testng-results ignored="5" total="6" passed="1" failed="0" skipped="0">
  <reporter-output>
  </reporter-output>
  <suite started-at="2021-07-17T14:43:46 IST" name="Default suite" finished-at="2021-07-17T14:44:00 IST" duration-ms="13861">
    <groups>
    </groups>
    <test started-at="2021-07-17T14:43:46 IST" name="Default test" finished-at="2021-07-17T14:44:00 IST" duration-ms="13861">
      <class name="RegressionTesting.cabScenario">
        <test-method is-config="true" signature="getExcelData()[pri:0, instance:RegressionTesting.cabScenario@2a7f1f10]" started-at="2021-07-17T14:43:45 IST" name="getExcelData" finished-at="2021-07-17T14:43:46 IST" duration-ms="465" status="PASS">
          <reporter-output>
          </reporter-output>
        </test-method> <!-- getExcelData -->
        <test-method is-config="true" signature="createExtentReport()[pri:0, instance:RegressionTesting.cabScenario@2a7f1f10]" started-at="2021-07-17T14:43:46 IST" name="createExtentReport" finished-at="2021-07-17T14:43:46 IST" duration-ms="225" status="PASS">
          <reporter-output>
          </reporter-output>
        </test-method> <!-- createExtentReport -->
        <test-method is-config="true" signature="getWebDriver()[pri:0, instance:RegressionTesting.cabScenario@2a7f1f10]" started-at="2021-07-17T14:43:46 IST" name="getWebDriver" finished-at="2021-07-17T14:43:52 IST" duration-ms="6031" status="PASS">
          <reporter-output>
          </reporter-output>
        </test-method> <!-- getWebDriver -->
        <test-method signature="searchCab()[pri:0, instance:RegressionTesting.cabScenario@2a7f1f10]" started-at="2021-07-17T14:43:52 IST" name="searchCab" finished-at="2021-07-17T14:43:56 IST" duration-ms="3742" status="PASS">
          <reporter-output>
          </reporter-output>
        </test-method> <!-- searchCab -->
        <test-method is-config="true" signature="closeBrowser()[pri:0, instance:RegressionTesting.cabScenario@2a7f1f10]" started-at="2021-07-17T14:43:56 IST" name="closeBrowser" finished-at="2021-07-17T14:44:00 IST" duration-ms="3837" status="PASS">
          <reporter-output>
          </reporter-output>
        </test-method> <!-- closeBrowser -->
      </class> <!-- RegressionTesting.cabScenario -->
    </test> <!-- Default test -->
  </suite> <!-- Default suite -->
</testng-results>
