<?xml version="1.0" encoding="UTF-8"?>
<testng-results ignored="0" total="2" passed="2" failed="0" skipped="0">
  <reporter-output>
  </reporter-output>
  <suite started-at="2021-07-14T22:14:45 IST" name="Default suite" finished-at="2021-07-14T22:14:59 IST" duration-ms="14199">
    <groups>
    </groups>
    <test started-at="2021-07-14T22:14:45 IST" name="Default test" finished-at="2021-07-14T22:14:59 IST" duration-ms="14199">
      <class name="RegressionTesting.giftCardScenario">
        <test-method is-config="true" signature="getExcelData()[pri:0, instance:RegressionTesting.giftCardScenario@63376bed]" started-at="2021-07-14T22:14:45 IST" name="getExcelData" finished-at="2021-07-14T22:14:45 IST" duration-ms="507" status="PASS">
          <reporter-output>
          </reporter-output>
        </test-method> <!-- getExcelData -->
        <test-method is-config="true" signature="createExtentReport()[pri:0, instance:RegressionTesting.giftCardScenario@63376bed]" started-at="2021-07-14T22:14:45 IST" name="createExtentReport" finished-at="2021-07-14T22:14:45 IST" duration-ms="213" status="PASS">
          <reporter-output>
          </reporter-output>
        </test-method> <!-- createExtentReport -->
        <test-method is-config="true" signature="getWebDriver()[pri:0, instance:RegressionTesting.giftCardScenario@63376bed]" started-at="2021-07-14T22:14:45 IST" name="getWebDriver" finished-at="2021-07-14T22:14:51 IST" duration-ms="5659" status="PASS">
          <reporter-output>
          </reporter-output>
        </test-method> <!-- getWebDriver -->
        <test-method signature="giftCards()[pri:0, instance:RegressionTesting.giftCardScenario@63376bed]" started-at="2021-07-14T22:14:51 IST" name="giftCards" finished-at="2021-07-14T22:14:54 IST" duration-ms="2920" status="PASS">
          <reporter-output>
          </reporter-output>
        </test-method> <!-- giftCards -->
        <test-method signature="buyGiftCard()[pri:0, instance:RegressionTesting.giftCardScenario@63376bed]" started-at="2021-07-14T22:14:54 IST" name="buyGiftCard" finished-at="2021-07-14T22:14:56 IST" depends-on-methods="RegressionTesting.giftCardScenario.giftCards" duration-ms="1533" status="PASS">
          <reporter-output>
          </reporter-output>
        </test-method> <!-- buyGiftCard -->
        <test-method is-config="true" signature="closeBrowser()[pri:0, instance:RegressionTesting.giftCardScenario@63376bed]" started-at="2021-07-14T22:14:56 IST" name="closeBrowser" finished-at="2021-07-14T22:14:59 IST" duration-ms="3845" status="PASS">
          <reporter-output>
          </reporter-output>
        </test-method> <!-- closeBrowser -->
      </class> <!-- RegressionTesting.giftCardScenario -->
    </test> <!-- Default test -->
  </suite> <!-- Default suite -->
</testng-results>
