<?xml version="1.0" encoding="UTF-8"?>
<testng-results ignored="31" total="59" passed="28" failed="0" skipped="0">
  <reporter-output>
  </reporter-output>
  <suite started-at="2021-07-18T20:46:40 IST" name="Executor" finished-at="2021-07-18T20:47:29 IST" duration-ms="49269">
    <groups>
    </groups>
    <test started-at="2021-07-18T20:46:40 IST" name="Test" finished-at="2021-07-18T20:47:29 IST" duration-ms="49269">
      <class name="Executor.testExecutor">
        <test-method is-config="true" signature="getExcelData()[pri:0, instance:Executor.testExecutor@4c309d4d]" started-at="2021-07-18T20:46:40 IST" name="getExcelData" finished-at="2021-07-18T20:46:40 IST" duration-ms="24" status="PASS">
          <reporter-output>
          </reporter-output>
        </test-method> <!-- getExcelData -->
        <test-method is-config="true" signature="getWebDriver()[pri:0, instance:Executor.testExecutor@4c309d4d]" started-at="2021-07-18T20:46:40 IST" name="getWebDriver" finished-at="2021-07-18T20:46:44 IST" duration-ms="3576" status="PASS">
          <reporter-output>
          </reporter-output>
        </test-method> <!-- getWebDriver -->
        <test-method is-config="true" signature="createExtentReport()[pri:0, instance:Executor.testExecutor@4c309d4d]" started-at="2021-07-18T20:46:40 IST" name="createExtentReport" finished-at="2021-07-18T20:46:40 IST" duration-ms="0" status="PASS">
          <reporter-output>
          </reporter-output>
        </test-method> <!-- createExtentReport -->
        <test-method is-config="true" signature="closeBrowser()[pri:0, instance:Executor.testExecutor@4c309d4d]" started-at="2021-07-18T20:47:26 IST" name="closeBrowser" finished-at="2021-07-18T20:47:29 IST" duration-ms="3707" status="PASS">
          <reporter-output>
          </reporter-output>
        </test-method> <!-- closeBrowser -->
      </class> <!-- Executor.testExecutor -->
      <class name="RegressionTesting.cabScenario">
        <test-method signature="searchCab()[pri:0, instance:RegressionTesting.cabScenario@77f80c04]" started-at="2021-07-18T20:47:00 IST" name="searchCab" finished-at="2021-07-18T20:47:02 IST" duration-ms="1577" status="PASS">
          <reporter-output>
          </reporter-output>
        </test-method> <!-- searchCab -->
        <test-method signature="departure()[pri:1, instance:RegressionTesting.cabScenario@77f80c04]" started-at="2021-07-18T20:47:02 IST" name="departure" finished-at="2021-07-18T20:47:03 IST" duration-ms="1297" status="PASS">
          <reporter-output>
          </reporter-output>
        </test-method> <!-- departure -->
        <test-method signature="arrival()[pri:2, instance:RegressionTesting.cabScenario@77f80c04]" started-at="2021-07-18T20:47:03 IST" name="arrival" finished-at="2021-07-18T20:47:04 IST" duration-ms="617" status="PASS">
          <reporter-output>
          </reporter-output>
        </test-method> <!-- arrival -->
        <test-method signature="calender()[pri:3, instance:RegressionTesting.cabScenario@77f80c04]" started-at="2021-07-18T20:47:04 IST" name="calender" finished-at="2021-07-18T20:47:04 IST" duration-ms="933" status="PASS">
          <reporter-output>
          </reporter-output>
        </test-method> <!-- calender -->
        <test-method signature="time()[pri:4, instance:RegressionTesting.cabScenario@77f80c04]" started-at="2021-07-18T20:47:04 IST" name="time" finished-at="2021-07-18T20:47:11 IST" duration-ms="6010" status="PASS">
          <reporter-output>
          </reporter-output>
        </test-method> <!-- time -->
        <test-method signature="getCabDetails()[pri:0, instance:RegressionTesting.cabScenario@77f80c04]" started-at="2021-07-18T20:47:11 IST" name="getCabDetails" finished-at="2021-07-18T20:47:17 IST" depends-on-methods="RegressionTesting.cabScenario.time" duration-ms="6045" status="PASS">
          <reporter-output>
          </reporter-output>
        </test-method> <!-- getCabDetails -->
      </class> <!-- RegressionTesting.cabScenario -->
      <class name="RegressionTesting.giftCardScenario">
        <test-method signature="giftCards()[pri:0, instance:RegressionTesting.giftCardScenario@1dac5ef]" started-at="2021-07-18T20:47:17 IST" name="giftCards" finished-at="2021-07-18T20:47:19 IST" duration-ms="1978" status="PASS">
          <reporter-output>
          </reporter-output>
        </test-method> <!-- giftCards -->
        <test-method signature="buyGiftCard()[pri:0, instance:RegressionTesting.giftCardScenario@1dac5ef]" started-at="2021-07-18T20:47:19 IST" name="buyGiftCard" finished-at="2021-07-18T20:47:26 IST" depends-on-methods="RegressionTesting.giftCardScenario.giftCards" duration-ms="7087" status="PASS">
          <reporter-output>
          </reporter-output>
        </test-method> <!-- buyGiftCard -->
      </class> <!-- RegressionTesting.giftCardScenario -->
      <class name="SmokeTesting.smokeTest">
        <test-method signature="loginWithGmail()[pri:3, instance:SmokeTesting.smokeTest@38102d01]" started-at="2021-07-18T20:46:44 IST" name="loginWithGmail" finished-at="2021-07-18T20:46:45 IST" duration-ms="1583" status="PASS">
          <reporter-output>
          </reporter-output>
        </test-method> <!-- loginWithGmail -->
        <test-method signature="loginFromPopUp()[pri:4, instance:SmokeTesting.smokeTest@38102d01]" started-at="2021-07-18T20:46:45 IST" name="loginFromPopUp" finished-at="2021-07-18T20:46:55 IST" duration-ms="10133" status="PASS">
          <reporter-output>
          </reporter-output>
        </test-method> <!-- loginFromPopUp -->
      </class> <!-- SmokeTesting.smokeTest -->
      <class name="RegressionTesting.hotelScenario">
        <test-method signature="getAdultsList()[pri:0, instance:RegressionTesting.hotelScenario@37883b97]" started-at="2021-07-18T20:46:55 IST" name="getAdultsList" finished-at="2021-07-18T20:47:00 IST" duration-ms="4716" status="PASS">
          <reporter-output>
          </reporter-output>
        </test-method> <!-- getAdultsList -->
      </class> <!-- RegressionTesting.hotelScenario -->
    </test> <!-- Test -->
  </suite> <!-- Executor -->
  <suite started-at="2021-07-18T20:45:51 IST" name="SmokeTests" finished-at="2021-07-18T20:46:40 IST" duration-ms="49443">
    <groups>
    </groups>
    <test started-at="2021-07-18T20:45:51 IST" name="Test" finished-at="2021-07-18T20:46:40 IST" duration-ms="49443">
      <class name="SmokeTesting.smokeTest">
        <test-method is-config="true" signature="getExcelData()[pri:0, instance:SmokeTesting.smokeTest@55b0dcab]" started-at="2021-07-18T20:45:50 IST" name="getExcelData" finished-at="2021-07-18T20:45:51 IST" duration-ms="390" status="PASS">
          <reporter-output>
          </reporter-output>
        </test-method> <!-- getExcelData -->
        <test-method is-config="true" signature="createExtentReport()[pri:0, instance:SmokeTesting.smokeTest@55b0dcab]" started-at="2021-07-18T20:45:51 IST" name="createExtentReport" finished-at="2021-07-18T20:45:51 IST" duration-ms="165" status="PASS">
          <reporter-output>
          </reporter-output>
        </test-method> <!-- createExtentReport -->
        <test-method is-config="true" signature="getWebDriver()[pri:0, instance:SmokeTesting.smokeTest@55b0dcab]" started-at="2021-07-18T20:45:51 IST" name="getWebDriver" finished-at="2021-07-18T20:45:57 IST" duration-ms="6002" status="PASS">
          <reporter-output>
          </reporter-output>
        </test-method> <!-- getWebDriver -->
        <test-method signature="getHomePageSignature()[pri:0, instance:SmokeTesting.smokeTest@55b0dcab]" started-at="2021-07-18T20:45:57 IST" name="getHomePageSignature" finished-at="2021-07-18T20:45:58 IST" duration-ms="834" status="PASS">
          <reporter-output>
          </reporter-output>
        </test-method> <!-- getHomePageSignature -->
        <test-method signature="verifyCountry()[pri:1, instance:SmokeTesting.smokeTest@55b0dcab]" started-at="2021-07-18T20:45:58 IST" name="verifyCountry" finished-at="2021-07-18T20:45:59 IST" duration-ms="1129" status="PASS">
          <reporter-output>
          </reporter-output>
        </test-method> <!-- verifyCountry -->
        <test-method signature="verifyLoginButton()[pri:2, instance:SmokeTesting.smokeTest@55b0dcab]" started-at="2021-07-18T20:45:59 IST" name="verifyLoginButton" finished-at="2021-07-18T20:45:59 IST" duration-ms="558" status="PASS">
          <reporter-output>
          </reporter-output>
        </test-method> <!-- verifyLoginButton -->
        <test-method signature="loginWithGmail()[pri:3, instance:SmokeTesting.smokeTest@55b0dcab]" started-at="2021-07-18T20:45:59 IST" name="loginWithGmail" finished-at="2021-07-18T20:46:01 IST" duration-ms="1648" status="PASS">
          <reporter-output>
          </reporter-output>
        </test-method> <!-- loginWithGmail -->
        <test-method signature="loginFromPopUp()[pri:4, instance:SmokeTesting.smokeTest@55b0dcab]" started-at="2021-07-18T20:46:01 IST" name="loginFromPopUp" finished-at="2021-07-18T20:46:12 IST" duration-ms="10833" status="PASS">
          <reporter-output>
          </reporter-output>
        </test-method> <!-- loginFromPopUp -->
        <test-method signature="verifyBuyNowButton()[pri:5, instance:SmokeTesting.smokeTest@55b0dcab]" started-at="2021-07-18T20:46:12 IST" name="verifyBuyNowButton" finished-at="2021-07-18T20:46:21 IST" duration-ms="9524" status="PASS">
          <reporter-output>
          </reporter-output>
        </test-method> <!-- verifyBuyNowButton -->
        <test-method signature="verifyCabButton()[pri:6, instance:SmokeTesting.smokeTest@55b0dcab]" started-at="2021-07-18T20:46:21 IST" name="verifyCabButton" finished-at="2021-07-18T20:46:23 IST" duration-ms="2165" status="PASS">
          <reporter-output>
          </reporter-output>
        </test-method> <!-- verifyCabButton -->
        <test-method signature="verifySelectedRadioButton()[pri:7, instance:SmokeTesting.smokeTest@55b0dcab]" started-at="2021-07-18T20:46:23 IST" name="verifySelectedRadioButton" finished-at="2021-07-18T20:46:25 IST" duration-ms="1222" status="PASS">
          <reporter-output>
          </reporter-output>
        </test-method> <!-- verifySelectedRadioButton -->
        <test-method signature="verifyErrorForSameCitySelected()[pri:8, instance:SmokeTesting.smokeTest@55b0dcab]" started-at="2021-07-18T20:46:25 IST" name="verifyErrorForSameCitySelected" finished-at="2021-07-18T20:46:28 IST" duration-ms="3137" status="PASS">
          <reporter-output>
          </reporter-output>
        </test-method> <!-- verifyErrorForSameCitySelected -->
        <test-method signature="verifyPickUpTimeDropDown()[pri:10, instance:SmokeTesting.smokeTest@55b0dcab]" started-at="2021-07-18T20:46:28 IST" name="verifyPickUpTimeDropDown" finished-at="2021-07-18T20:46:28 IST" duration-ms="0" status="PASS">
          <reporter-output>
          </reporter-output>
        </test-method> <!-- verifyPickUpTimeDropDown -->
        <test-method signature="verifyCabSearchButton()[pri:11, instance:SmokeTesting.smokeTest@55b0dcab]" started-at="2021-07-18T20:46:28 IST" name="verifyCabSearchButton" finished-at="2021-07-18T20:46:28 IST" duration-ms="558" status="PASS">
          <reporter-output>
          </reporter-output>
        </test-method> <!-- verifyCabSearchButton -->
        <test-method signature="verifyCalenderDropDown()[pri:9, instance:SmokeTesting.smokeTest@55b0dcab]" started-at="2021-07-18T20:46:28 IST" name="verifyCalenderDropDown" finished-at="2021-07-18T20:46:28 IST" duration-ms="0" status="PASS">
          <reporter-output>
          </reporter-output>
        </test-method> <!-- verifyCalenderDropDown -->
        <test-method signature="verifyHotelButton()[pri:13, instance:SmokeTesting.smokeTest@55b0dcab]" started-at="2021-07-18T20:46:28 IST" name="verifyHotelButton" finished-at="2021-07-18T20:46:29 IST" duration-ms="573" status="PASS">
          <reporter-output>
          </reporter-output>
        </test-method> <!-- verifyHotelButton -->
        <test-method signature="verifySUVButton()[pri:12, instance:SmokeTesting.smokeTest@55b0dcab]" started-at="2021-07-18T20:46:28 IST" name="verifySUVButton" finished-at="2021-07-18T20:46:28 IST" duration-ms="0" status="PASS">
          <reporter-output>
          </reporter-output>
        </test-method> <!-- verifySUVButton -->
        <test-method signature="verifyGiftCardTitle()[pri:14, instance:SmokeTesting.smokeTest@55b0dcab]" started-at="2021-07-18T20:46:29 IST" name="verifyGiftCardTitle" finished-at="2021-07-18T20:46:32 IST" duration-ms="2698" status="PASS">
          <reporter-output>
          </reporter-output>
        </test-method> <!-- verifyGiftCardTitle -->
        <test-method signature="verifyFathersDayGiftCard()[pri:15, instance:SmokeTesting.smokeTest@55b0dcab]" started-at="2021-07-18T20:46:32 IST" name="verifyFathersDayGiftCard" finished-at="2021-07-18T20:46:36 IST" duration-ms="4660" status="PASS">
          <reporter-output>
          </reporter-output>
        </test-method> <!-- verifyFathersDayGiftCard -->
        <test-method signature="verifyRoomsAndGuestButton()[pri:16, instance:SmokeTesting.smokeTest@55b0dcab]" started-at="2021-07-18T20:46:36 IST" name="verifyRoomsAndGuestButton" finished-at="2021-07-18T20:46:36 IST" duration-ms="0" status="PASS">
          <reporter-output>
          </reporter-output>
        </test-method> <!-- verifyRoomsAndGuestButton -->
        <test-method is-config="true" signature="closeBrowser()[pri:0, instance:SmokeTesting.smokeTest@55b0dcab]" started-at="2021-07-18T20:46:36 IST" name="closeBrowser" finished-at="2021-07-18T20:46:40 IST" duration-ms="3713" status="PASS">
          <reporter-output>
          </reporter-output>
        </test-method> <!-- closeBrowser -->
      </class> <!-- SmokeTesting.smokeTest -->
    </test> <!-- Test -->
  </suite> <!-- SmokeTests -->
</testng-results>
