<?xml version="1.0" encoding="UTF-8"?>
<testng-results ignored="23" total="51" passed="28" failed="0" skipped="0">
  <reporter-output>
  </reporter-output>
  <suite started-at="2021-07-25T13:22:32 IST" name="Executor" finished-at="2021-07-25T13:24:53 IST" duration-ms="141866">
    <groups>
    </groups>
    <test started-at="2021-07-25T13:22:32 IST" name="Test" finished-at="2021-07-25T13:24:53 IST" duration-ms="141866">
      <class name="Executor.testExecutor">
        <test-method is-config="true" signature="getExcelData()[pri:0, instance:Executor.testExecutor@24313fcc]" started-at="2021-07-25T13:22:31 IST" name="getExcelData" finished-at="2021-07-25T13:22:32 IST" duration-ms="75" status="PASS">
          <reporter-output>
          </reporter-output>
        </test-method> <!-- getExcelData -->
        <test-method is-config="true" signature="getWebDriver()[pri:0, instance:Executor.testExecutor@24313fcc]" started-at="2021-07-25T13:22:32 IST" name="getWebDriver" finished-at="2021-07-25T13:22:37 IST" duration-ms="5568" status="PASS">
          <reporter-output>
          </reporter-output>
        </test-method> <!-- getWebDriver -->
        <test-method is-config="true" signature="createExtentReport()[pri:0, instance:Executor.testExecutor@24313fcc]" started-at="2021-07-25T13:22:32 IST" name="createExtentReport" finished-at="2021-07-25T13:22:32 IST" duration-ms="0" status="PASS">
          <reporter-output>
          </reporter-output>
        </test-method> <!-- createExtentReport -->
        <test-method is-config="true" signature="closeBrowser()[pri:0, instance:Executor.testExecutor@24313fcc]" started-at="2021-07-25T13:24:51 IST" name="closeBrowser" finished-at="2021-07-25T13:24:53 IST" duration-ms="2144" status="PASS">
          <reporter-output>
          </reporter-output>
        </test-method> <!-- closeBrowser -->
      </class> <!-- Executor.testExecutor -->
      <class name="RegressionTesting.cabScenario">
        <test-method signature="searchCab()[pri:0, instance:RegressionTesting.cabScenario@38afe297]" started-at="2021-07-25T13:24:03 IST" name="searchCab" finished-at="2021-07-25T13:24:06 IST" duration-ms="3322" status="PASS">
          <reporter-output>
          </reporter-output>
        </test-method> <!-- searchCab -->
        <test-method signature="departure()[pri:1, instance:RegressionTesting.cabScenario@38afe297]" started-at="2021-07-25T13:24:06 IST" name="departure" finished-at="2021-07-25T13:24:08 IST" duration-ms="2254" status="PASS">
          <reporter-output>
          </reporter-output>
        </test-method> <!-- departure -->
        <test-method signature="arrival()[pri:2, instance:RegressionTesting.cabScenario@38afe297]" started-at="2021-07-25T13:24:08 IST" name="arrival" finished-at="2021-07-25T13:24:10 IST" duration-ms="1784" status="PASS">
          <reporter-output>
          </reporter-output>
        </test-method> <!-- arrival -->
        <test-method signature="calender()[pri:3, instance:RegressionTesting.cabScenario@38afe297]" started-at="2021-07-25T13:24:10 IST" name="calender" finished-at="2021-07-25T13:24:13 IST" duration-ms="2399" status="PASS">
          <reporter-output>
          </reporter-output>
        </test-method> <!-- calender -->
        <test-method signature="time()[pri:4, instance:RegressionTesting.cabScenario@38afe297]" started-at="2021-07-25T13:24:13 IST" name="time" finished-at="2021-07-25T13:24:21 IST" duration-ms="8248" status="PASS">
          <reporter-output>
          </reporter-output>
        </test-method> <!-- time -->
        <test-method signature="getCabDetails()[pri:5, instance:RegressionTesting.cabScenario@38afe297]" started-at="2021-07-25T13:24:21 IST" name="getCabDetails" finished-at="2021-07-25T13:24:33 IST" depends-on-methods="RegressionTesting.cabScenario.time" duration-ms="12559" status="PASS">
          <reporter-output>
          </reporter-output>
        </test-method> <!-- getCabDetails -->
      </class> <!-- RegressionTesting.cabScenario -->
      <class name="RegressionTesting.giftCardScenario">
        <test-method signature="giftCards()[pri:0, instance:RegressionTesting.giftCardScenario@2df3b89c]" started-at="2021-07-25T13:24:33 IST" name="giftCards" finished-at="2021-07-25T13:24:36 IST" duration-ms="2788" status="PASS">
          <reporter-output>
          </reporter-output>
        </test-method> <!-- giftCards -->
        <test-method signature="verifyGiftCardTitle()[pri:1, instance:RegressionTesting.giftCardScenario@2df3b89c]" started-at="2021-07-25T13:24:36 IST" name="verifyGiftCardTitle" finished-at="2021-07-25T13:24:38 IST" duration-ms="2028" status="PASS">
          <reporter-output>
          </reporter-output>
        </test-method> <!-- verifyGiftCardTitle -->
        <test-method signature="verifyGiftCard()[pri:2, instance:RegressionTesting.giftCardScenario@2df3b89c]" started-at="2021-07-25T13:24:38 IST" name="verifyGiftCard" finished-at="2021-07-25T13:24:39 IST" duration-ms="1089" status="PASS">
          <reporter-output>
          </reporter-output>
        </test-method> <!-- verifyGiftCard -->
        <test-method signature="buyGiftCard()[pri:3, instance:RegressionTesting.giftCardScenario@2df3b89c]" started-at="2021-07-25T13:24:39 IST" name="buyGiftCard" finished-at="2021-07-25T13:24:46 IST" duration-ms="6232" status="PASS">
          <reporter-output>
          </reporter-output>
        </test-method> <!-- buyGiftCard -->
        <test-method signature="verifyMajorErrorMessage()[pri:4, instance:RegressionTesting.giftCardScenario@2df3b89c]" started-at="2021-07-25T13:24:46 IST" name="verifyMajorErrorMessage" finished-at="2021-07-25T13:24:51 IST" duration-ms="5734" status="PASS">
          <reporter-output>
          </reporter-output>
        </test-method> <!-- verifyMajorErrorMessage -->
      </class> <!-- RegressionTesting.giftCardScenario -->
      <class name="RegressionTesting.verifyVariousButtons">
        <test-method signature="verifyCabButton()[pri:0, instance:RegressionTesting.verifyVariousButtons@131ef10]" started-at="2021-07-25T13:22:59 IST" name="verifyCabButton" finished-at="2021-07-25T13:23:01 IST" duration-ms="2432" status="PASS">
          <reporter-output>
          </reporter-output>
        </test-method> <!-- verifyCabButton -->
        <test-method signature="verifyCabSearchButton()[pri:1, instance:RegressionTesting.verifyVariousButtons@131ef10]" started-at="2021-07-25T13:23:01 IST" name="verifyCabSearchButton" finished-at="2021-07-25T13:23:09 IST" depends-on-methods="RegressionTesting.verifyVariousButtons.verifyCabButton" duration-ms="7990" status="PASS">
          <reporter-output>
          </reporter-output>
        </test-method> <!-- verifyCabSearchButton -->
        <test-method signature="verifyHotelButton()[pri:2, instance:RegressionTesting.verifyVariousButtons@131ef10]" started-at="2021-07-25T13:23:09 IST" name="verifyHotelButton" finished-at="2021-07-25T13:23:13 IST" duration-ms="3256" status="PASS">
          <reporter-output>
          </reporter-output>
        </test-method> <!-- verifyHotelButton -->
        <test-method signature="verifyHotelSearchButton()[pri:3, instance:RegressionTesting.verifyVariousButtons@131ef10]" started-at="2021-07-25T13:23:13 IST" name="verifyHotelSearchButton" finished-at="2021-07-25T13:23:26 IST" depends-on-methods="RegressionTesting.verifyVariousButtons.verifyHotelButton" duration-ms="13110" status="PASS">
          <reporter-output>
          </reporter-output>
        </test-method> <!-- verifyHotelSearchButton -->
        <test-method signature="verifyBuyNowButton()[pri:4, instance:RegressionTesting.verifyVariousButtons@131ef10]" started-at="2021-07-25T13:23:26 IST" name="verifyBuyNowButton" finished-at="2021-07-25T13:23:37 IST" duration-ms="11323" status="PASS">
          <reporter-output>
          </reporter-output>
        </test-method> <!-- verifyBuyNowButton -->
      </class> <!-- RegressionTesting.verifyVariousButtons -->
      <class name="SmokeTesting.smokeTest">
        <test-method signature="loginWithGmail()[pri:3, instance:SmokeTesting.smokeTest@41a2befb]" started-at="2021-07-25T13:22:37 IST" name="loginWithGmail" finished-at="2021-07-25T13:22:59 IST" duration-ms="21780" status="PASS">
          <reporter-output>
          </reporter-output>
        </test-method> <!-- loginWithGmail -->
        <test-method signature="loginFromPopUp()[pri:4, instance:SmokeTesting.smokeTest@41a2befb]" started-at="2021-07-25T13:22:59 IST" name="loginFromPopUp" finished-at="2021-07-25T13:22:59 IST" duration-ms="76" status="PASS">
          <reporter-output>
          </reporter-output>
        </test-method> <!-- loginFromPopUp -->
      </class> <!-- SmokeTesting.smokeTest -->
      <class name="RegressionTesting.hotelScenario">
        <test-method signature="enterCity()[pri:0, instance:RegressionTesting.hotelScenario@55b0dcab]" started-at="2021-07-25T13:23:37 IST" name="enterCity" finished-at="2021-07-25T13:23:43 IST" duration-ms="5461" status="PASS">
          <reporter-output>
          </reporter-output>
        </test-method> <!-- enterCity -->
        <test-method signature="enterCheckInCheckOutDate()[pri:1, instance:RegressionTesting.hotelScenario@55b0dcab]" started-at="2021-07-25T13:23:43 IST" name="enterCheckInCheckOutDate" finished-at="2021-07-25T13:23:47 IST" depends-on-methods="RegressionTesting.hotelScenario.enterCity" duration-ms="4901" status="PASS">
          <reporter-output>
          </reporter-output>
        </test-method> <!-- enterCheckInCheckOutDate -->
        <test-method signature="verifyRoomsAndGuestButton()[pri:2, instance:RegressionTesting.hotelScenario@55b0dcab]" started-at="2021-07-25T13:23:47 IST" name="verifyRoomsAndGuestButton" finished-at="2021-07-25T13:23:49 IST" duration-ms="1471" status="PASS">
          <reporter-output>
          </reporter-output>
        </test-method> <!-- verifyRoomsAndGuestButton -->
        <test-method signature="getAdultsList()[pri:3, instance:RegressionTesting.hotelScenario@55b0dcab]" started-at="2021-07-25T13:23:49 IST" name="getAdultsList" finished-at="2021-07-25T13:23:54 IST" depends-on-methods="RegressionTesting.hotelScenario.verifyRoomsAndGuestButton" duration-ms="5323" status="PASS">
          <reporter-output>
          </reporter-output>
        </test-method> <!-- getAdultsList -->
        <test-method signature="verifyFreeBreakfastCheckBox()[pri:4, instance:RegressionTesting.hotelScenario@55b0dcab]" started-at="2021-07-25T13:23:54 IST" name="verifyFreeBreakfastCheckBox" finished-at="2021-07-25T13:24:03 IST" depends-on-methods="RegressionTesting.hotelScenario.getAdultsList" duration-ms="8568" status="PASS">
          <reporter-output>
          </reporter-output>
        </test-method> <!-- verifyFreeBreakfastCheckBox -->
      </class> <!-- RegressionTesting.hotelScenario -->
    </test> <!-- Test -->
  </suite> <!-- Executor -->
  <suite started-at="2021-07-25T13:21:51 IST" name="SmokeTests" finished-at="2021-07-25T13:22:31 IST" duration-ms="40135">
    <groups>
    </groups>
    <test started-at="2021-07-25T13:21:51 IST" name="Test" finished-at="2021-07-25T13:22:31 IST" duration-ms="40135">
      <class name="SmokeTesting.smokeTest">
        <test-method is-config="true" signature="getExcelData()[pri:0, instance:SmokeTesting.smokeTest@38425407]" started-at="2021-07-25T13:21:51 IST" name="getExcelData" finished-at="2021-07-25T13:21:51 IST" duration-ms="452" status="PASS">
          <reporter-output>
          </reporter-output>
        </test-method> <!-- getExcelData -->
        <test-method is-config="true" signature="createExtentReport()[pri:0, instance:SmokeTesting.smokeTest@38425407]" started-at="2021-07-25T13:21:51 IST" name="createExtentReport" finished-at="2021-07-25T13:21:51 IST" duration-ms="178" status="PASS">
          <reporter-output>
          </reporter-output>
        </test-method> <!-- createExtentReport -->
        <test-method is-config="true" signature="getWebDriver()[pri:0, instance:SmokeTesting.smokeTest@38425407]" started-at="2021-07-25T13:21:51 IST" name="getWebDriver" finished-at="2021-07-25T13:22:04 IST" duration-ms="12035" status="PASS">
          <reporter-output>
          </reporter-output>
        </test-method> <!-- getWebDriver -->
        <test-method signature="getHomePageSignature()[pri:0, instance:SmokeTesting.smokeTest@38425407]" started-at="2021-07-25T13:22:04 IST" name="getHomePageSignature" finished-at="2021-07-25T13:22:05 IST" duration-ms="1450" status="PASS">
          <reporter-output>
          </reporter-output>
        </test-method> <!-- getHomePageSignature -->
        <test-method signature="verifyCountry()[pri:1, instance:SmokeTesting.smokeTest@38425407]" started-at="2021-07-25T13:22:05 IST" name="verifyCountry" finished-at="2021-07-25T13:22:06 IST" duration-ms="971" status="PASS">
          <reporter-output>
          </reporter-output>
        </test-method> <!-- verifyCountry -->
        <test-method signature="verifyLoginButton()[pri:2, instance:SmokeTesting.smokeTest@38425407]" started-at="2021-07-25T13:22:06 IST" name="verifyLoginButton" finished-at="2021-07-25T13:22:07 IST" duration-ms="930" status="PASS">
          <reporter-output>
          </reporter-output>
        </test-method> <!-- verifyLoginButton -->
        <test-method signature="loginWithGmail()[pri:3, instance:SmokeTesting.smokeTest@38425407]" started-at="2021-07-25T13:22:07 IST" name="loginWithGmail" finished-at="2021-07-25T13:22:29 IST" duration-ms="22320" status="PASS">
          <reporter-output>
          </reporter-output>
        </test-method> <!-- loginWithGmail -->
        <test-method signature="loginFromPopUp()[pri:4, instance:SmokeTesting.smokeTest@38425407]" started-at="2021-07-25T13:22:29 IST" name="loginFromPopUp" finished-at="2021-07-25T13:22:29 IST" duration-ms="104" status="PASS">
          <reporter-output>
          </reporter-output>
        </test-method> <!-- loginFromPopUp -->
        <test-method is-config="true" signature="closeBrowser()[pri:0, instance:SmokeTesting.smokeTest@38425407]" started-at="2021-07-25T13:22:29 IST" name="closeBrowser" finished-at="2021-07-25T13:22:31 IST" duration-ms="2118" status="PASS">
          <reporter-output>
          </reporter-output>
        </test-method> <!-- closeBrowser -->
      </class> <!-- SmokeTesting.smokeTest -->
    </test> <!-- Test -->
  </suite> <!-- SmokeTests -->
</testng-results>
