<?xml version="1.0" encoding="UTF-8"?>
<testng-results ignored="6" total="7" passed="1" failed="0" skipped="0">
  <reporter-output>
  </reporter-output>
  <suite started-at="2021-07-11T20:52:28 IST" name="Default suite" finished-at="2021-07-11T20:52:50 IST" duration-ms="22598">
    <groups>
    </groups>
    <test started-at="2021-07-11T20:52:28 IST" name="Default test" finished-at="2021-07-11T20:52:50 IST" duration-ms="22598">
      <class name="makeMyTripTests">
        <test-method is-config="true" signature="getExcelData()[pri:0, instance:makeMyTripTests@46cdf8bd]" started-at="2021-07-11T20:52:27 IST" name="getExcelData" finished-at="2021-07-11T20:52:28 IST" duration-ms="584" status="PASS">
          <reporter-output>
          </reporter-output>
        </test-method> <!-- getExcelData -->
        <test-method is-config="true" signature="createExtentReport()[pri:0, instance:makeMyTripTests@46cdf8bd]" started-at="2021-07-11T20:52:28 IST" name="createExtentReport" finished-at="2021-07-11T20:52:28 IST" duration-ms="258" status="PASS">
          <reporter-output>
          </reporter-output>
        </test-method> <!-- createExtentReport -->
        <test-method is-config="true" signature="getWebDriver()[pri:0, instance:makeMyTripTests@46cdf8bd]" started-at="2021-07-11T20:52:28 IST" name="getWebDriver" finished-at="2021-07-11T20:52:42 IST" duration-ms="14584" status="PASS">
          <reporter-output>
          </reporter-output>
        </test-method> <!-- getWebDriver -->
        <test-method signature="loginWithGmail()[pri:0, instance:makeMyTripTests@46cdf8bd]" started-at="2021-07-11T20:52:42 IST" name="loginWithGmail" finished-at="2021-07-11T20:52:46 IST" duration-ms="3851" status="PASS">
          <reporter-output>
          </reporter-output>
        </test-method> <!-- loginWithGmail -->
        <test-method is-config="true" signature="closeBrowser()[pri:0, instance:makeMyTripTests@46cdf8bd]" started-at="2021-07-11T20:52:46 IST" name="closeBrowser" finished-at="2021-07-11T20:52:50 IST" duration-ms="3872" status="PASS">
          <reporter-output>
          </reporter-output>
        </test-method> <!-- closeBrowser -->
      </class> <!-- makeMyTripTests -->
    </test> <!-- Default test -->
  </suite> <!-- Default suite -->
</testng-results>
