<?xml version="1.0" encoding="UTF-8"?>
<testng-results ignored="3" total="4" passed="1" failed="0" skipped="0">
  <reporter-output>
  </reporter-output>
  <suite started-at="2021-07-14T14:25:12 IST" name="Default suite" finished-at="2021-07-14T14:25:57 IST" duration-ms="45646">
    <groups>
    </groups>
    <test started-at="2021-07-14T14:25:12 IST" name="Default test" finished-at="2021-07-14T14:25:57 IST" duration-ms="45646">
      <class name="SmokeTesting.logingIn">
        <test-method is-config="true" signature="getExcelData()[pri:0, instance:SmokeTesting.logingIn@1bd4fdd]" started-at="2021-07-14T14:25:09 IST" name="getExcelData" finished-at="2021-07-14T14:25:12 IST" duration-ms="2450" status="PASS">
          <reporter-output>
          </reporter-output>
        </test-method> <!-- getExcelData -->
        <test-method is-config="true" signature="createExtentReport()[pri:0, instance:SmokeTesting.logingIn@1bd4fdd]" started-at="2021-07-14T14:25:12 IST" name="createExtentReport" finished-at="2021-07-14T14:25:13 IST" duration-ms="813" status="PASS">
          <reporter-output>
          </reporter-output>
        </test-method> <!-- createExtentReport -->
        <test-method is-config="true" signature="getWebDriver()[pri:0, instance:SmokeTesting.logingIn@1bd4fdd]" started-at="2021-07-14T14:25:13 IST" name="getWebDriver" finished-at="2021-07-14T14:25:46 IST" duration-ms="33210" status="PASS">
          <reporter-output>
          </reporter-output>
        </test-method> <!-- getWebDriver -->
        <test-method signature="verifyGiftCardTitle()[pri:0, instance:SmokeTesting.logingIn@1bd4fdd]" started-at="2021-07-14T14:25:46 IST" name="verifyGiftCardTitle" finished-at="2021-07-14T14:25:53 IST" duration-ms="6964" status="PASS">
          <reporter-output>
          </reporter-output>
        </test-method> <!-- verifyGiftCardTitle -->
        <test-method is-config="true" signature="closeBrowser()[pri:0, instance:SmokeTesting.logingIn@1bd4fdd]" started-at="2021-07-14T14:25:53 IST" name="closeBrowser" finished-at="2021-07-14T14:25:57 IST" duration-ms="4472" status="PASS">
          <reporter-output>
          </reporter-output>
        </test-method> <!-- closeBrowser -->
      </class> <!-- SmokeTesting.logingIn -->
    </test> <!-- Default test -->
  </suite> <!-- Default suite -->
</testng-results>
