<?xml version="1.0" encoding="UTF-8"?>
<testng-results ignored="6" total="7" passed="1" failed="0" skipped="0">
  <reporter-output>
  </reporter-output>
  <suite started-at="2021-07-11T21:58:27 IST" name="Default suite" finished-at="2021-07-11T21:58:36 IST" duration-ms="8760">
    <groups>
    </groups>
    <test started-at="2021-07-11T21:58:27 IST" name="Default test" finished-at="2021-07-11T21:58:36 IST" duration-ms="8760">
      <class name="makeMyTripTests">
        <test-method is-config="true" signature="getExcelData()[pri:0, instance:makeMyTripTests@46cdf8bd]" started-at="2021-07-11T21:58:27 IST" name="getExcelData" finished-at="2021-07-11T21:58:27 IST" duration-ms="425" status="PASS">
          <reporter-output>
          </reporter-output>
        </test-method> <!-- getExcelData -->
        <test-method is-config="true" signature="createExtentReport()[pri:0, instance:makeMyTripTests@46cdf8bd]" started-at="2021-07-11T21:58:27 IST" name="createExtentReport" finished-at="2021-07-11T21:58:27 IST" duration-ms="209" status="PASS">
          <reporter-output>
          </reporter-output>
        </test-method> <!-- createExtentReport -->
        <test-method is-config="true" signature="getWebDriver()[pri:0, instance:makeMyTripTests@46cdf8bd]" started-at="2021-07-11T21:58:27 IST" name="getWebDriver" finished-at="2021-07-11T21:58:32 IST" duration-ms="4784" status="PASS">
          <reporter-output>
          </reporter-output>
        </test-method> <!-- getWebDriver -->
        <test-method signature="buyGiftCard()[pri:0, instance:makeMyTripTests@46cdf8bd]" started-at="2021-07-11T21:58:32 IST" name="buyGiftCard" finished-at="2021-07-11T21:58:32 IST" duration-ms="5" status="PASS">
          <reporter-output>
          </reporter-output>
        </test-method> <!-- buyGiftCard -->
        <test-method is-config="true" signature="closeBrowser()[pri:0, instance:makeMyTripTests@46cdf8bd]" started-at="2021-07-11T21:58:32 IST" name="closeBrowser" finished-at="2021-07-11T21:58:36 IST" duration-ms="3735" status="PASS">
          <reporter-output>
          </reporter-output>
        </test-method> <!-- closeBrowser -->
      </class> <!-- makeMyTripTests -->
    </test> <!-- Default test -->
  </suite> <!-- Default suite -->
</testng-results>
