<?xml version="1.0" encoding="UTF-8"?>
<testng-results ignored="5" total="6" passed="1" failed="0" skipped="0">
  <reporter-output>
  </reporter-output>
  <suite started-at="2021-07-18T15:06:21 IST" name="Default suite" finished-at="2021-07-18T15:06:39 IST" duration-ms="17547">
    <groups>
    </groups>
    <test started-at="2021-07-18T15:06:21 IST" name="Default test" finished-at="2021-07-18T15:06:39 IST" duration-ms="17547">
      <class name="SmokeTesting.smokeTest">
        <test-method is-config="true" signature="getExcelData()[pri:0, instance:SmokeTesting.smokeTest@f78a47e]" started-at="2021-07-18T15:06:20 IST" name="getExcelData" finished-at="2021-07-18T15:06:21 IST" duration-ms="502" status="PASS">
          <reporter-output>
          </reporter-output>
        </test-method> <!-- getExcelData -->
        <test-method is-config="true" signature="createExtentReport()[pri:0, instance:SmokeTesting.smokeTest@f78a47e]" started-at="2021-07-18T15:06:21 IST" name="createExtentReport" finished-at="2021-07-18T15:06:21 IST" duration-ms="274" status="PASS">
          <reporter-output>
          </reporter-output>
        </test-method> <!-- createExtentReport -->
        <test-method is-config="true" signature="getWebDriver()[pri:0, instance:SmokeTesting.smokeTest@f78a47e]" started-at="2021-07-18T15:06:21 IST" name="getWebDriver" finished-at="2021-07-18T15:06:28 IST" duration-ms="6725" status="PASS">
          <reporter-output>
          </reporter-output>
        </test-method> <!-- getWebDriver -->
        <test-method signature="verifyFathersDayGiftCard()[pri:0, instance:SmokeTesting.smokeTest@f78a47e]" started-at="2021-07-18T15:06:28 IST" name="verifyFathersDayGiftCard" finished-at="2021-07-18T15:06:35 IST" duration-ms="6690" status="PASS">
          <reporter-output>
          </reporter-output>
        </test-method> <!-- verifyFathersDayGiftCard -->
        <test-method is-config="true" signature="closeBrowser()[pri:0, instance:SmokeTesting.smokeTest@f78a47e]" started-at="2021-07-18T15:06:35 IST" name="closeBrowser" finished-at="2021-07-18T15:06:39 IST" duration-ms="3830" status="PASS">
          <reporter-output>
          </reporter-output>
        </test-method> <!-- closeBrowser -->
      </class> <!-- SmokeTesting.smokeTest -->
    </test> <!-- Default test -->
  </suite> <!-- Default suite -->
</testng-results>
