<?xml version="1.0" encoding="UTF-8"?>
<testng-results ignored="0" total="6" passed="6" failed="0" skipped="0">
  <reporter-output>
  </reporter-output>
  <suite started-at="2021-07-18T15:52:26 IST" name="Default suite" finished-at="2021-07-18T15:53:09 IST" duration-ms="43167">
    <groups>
    </groups>
    <test started-at="2021-07-18T15:52:26 IST" name="Default test" finished-at="2021-07-18T15:53:09 IST" duration-ms="43167">
      <class name="SmokeTesting.smokeTest">
        <test-method is-config="true" signature="getExcelData()[pri:0, instance:SmokeTesting.smokeTest@2ddc9a9f]" started-at="2021-07-18T15:52:26 IST" name="getExcelData" finished-at="2021-07-18T15:52:26 IST" duration-ms="393" status="PASS">
          <reporter-output>
          </reporter-output>
        </test-method> <!-- getExcelData -->
        <test-method is-config="true" signature="createExtentReport()[pri:0, instance:SmokeTesting.smokeTest@2ddc9a9f]" started-at="2021-07-18T15:52:26 IST" name="createExtentReport" finished-at="2021-07-18T15:52:26 IST" duration-ms="186" status="PASS">
          <reporter-output>
          </reporter-output>
        </test-method> <!-- createExtentReport -->
        <test-method is-config="true" signature="getWebDriver()[pri:0, instance:SmokeTesting.smokeTest@2ddc9a9f]" started-at="2021-07-18T15:52:26 IST" name="getWebDriver" finished-at="2021-07-18T15:52:31 IST" duration-ms="4762" status="PASS">
          <reporter-output>
          </reporter-output>
        </test-method> <!-- getWebDriver -->
        <test-method signature="getHomePageSignature()[pri:0, instance:SmokeTesting.smokeTest@2ddc9a9f]" started-at="2021-07-18T15:52:31 IST" name="getHomePageSignature" finished-at="2021-07-18T15:52:31 IST" duration-ms="269" status="PASS">
          <reporter-output>
          </reporter-output>
        </test-method> <!-- getHomePageSignature -->
        <test-method signature="loginWithGmail()[pri:1, instance:SmokeTesting.smokeTest@2ddc9a9f]" started-at="2021-07-18T15:52:31 IST" name="loginWithGmail" finished-at="2021-07-18T15:52:50 IST" duration-ms="18531" status="PASS">
          <reporter-output>
          </reporter-output>
        </test-method> <!-- loginWithGmail -->
        <test-method signature="loginFromPopUp()[pri:2, instance:SmokeTesting.smokeTest@2ddc9a9f]" started-at="2021-07-18T15:52:50 IST" name="loginFromPopUp" finished-at="2021-07-18T15:52:50 IST" duration-ms="21" status="PASS">
          <reporter-output>
          </reporter-output>
        </test-method> <!-- loginFromPopUp -->
        <test-method signature="verifyGiftCardTitle()[pri:3, instance:SmokeTesting.smokeTest@2ddc9a9f]" started-at="2021-07-18T15:52:50 IST" name="verifyGiftCardTitle" finished-at="2021-07-18T15:52:55 IST" duration-ms="5322" status="PASS">
          <reporter-output>
          </reporter-output>
        </test-method> <!-- verifyGiftCardTitle -->
        <test-method signature="verifyFathersDayGiftCard()[pri:4, instance:SmokeTesting.smokeTest@2ddc9a9f]" started-at="2021-07-18T15:52:55 IST" name="verifyFathersDayGiftCard" finished-at="2021-07-18T15:53:01 IST" duration-ms="6168" status="PASS">
          <reporter-output>
          </reporter-output>
        </test-method> <!-- verifyFathersDayGiftCard -->
        <test-method signature="verifyBuyNowButton()[pri:5, instance:SmokeTesting.smokeTest@2ddc9a9f]" started-at="2021-07-18T15:53:01 IST" name="verifyBuyNowButton" finished-at="2021-07-18T15:53:05 IST" duration-ms="4148" status="PASS">
          <reporter-output>
          </reporter-output>
        </test-method> <!-- verifyBuyNowButton -->
        <test-method is-config="true" signature="closeBrowser()[pri:0, instance:SmokeTesting.smokeTest@2ddc9a9f]" started-at="2021-07-18T15:53:05 IST" name="closeBrowser" finished-at="2021-07-18T15:53:09 IST" duration-ms="3729" status="PASS">
          <reporter-output>
          </reporter-output>
        </test-method> <!-- closeBrowser -->
      </class> <!-- SmokeTesting.smokeTest -->
    </test> <!-- Default test -->
  </suite> <!-- Default suite -->
</testng-results>
