<?xml version="1.0" encoding="UTF-8"?>
<testng-results ignored="0" total="17" passed="17" failed="0" skipped="0">
  <reporter-output>
  </reporter-output>
  <suite started-at="2021-07-18T16:06:40 IST" name="Default suite" finished-at="2021-07-18T16:07:27 IST" duration-ms="47859">
    <groups>
    </groups>
    <test started-at="2021-07-18T16:06:40 IST" name="Default test" finished-at="2021-07-18T16:07:27 IST" duration-ms="47859">
      <class name="SmokeTesting.smokeTest">
        <test-method is-config="true" signature="getExcelData()[pri:0, instance:SmokeTesting.smokeTest@f0c8a99]" started-at="2021-07-18T16:06:39 IST" name="getExcelData" finished-at="2021-07-18T16:06:40 IST" duration-ms="376" status="PASS">
          <reporter-output>
          </reporter-output>
        </test-method> <!-- getExcelData -->
        <test-method is-config="true" signature="createExtentReport()[pri:0, instance:SmokeTesting.smokeTest@f0c8a99]" started-at="2021-07-18T16:06:40 IST" name="createExtentReport" finished-at="2021-07-18T16:06:40 IST" duration-ms="200" status="PASS">
          <reporter-output>
          </reporter-output>
        </test-method> <!-- createExtentReport -->
        <test-method is-config="true" signature="getWebDriver()[pri:0, instance:SmokeTesting.smokeTest@f0c8a99]" started-at="2021-07-18T16:06:40 IST" name="getWebDriver" finished-at="2021-07-18T16:06:44 IST" duration-ms="4656" status="PASS">
          <reporter-output>
          </reporter-output>
        </test-method> <!-- getWebDriver -->
        <test-method signature="getHomePageSignature()[pri:0, instance:SmokeTesting.smokeTest@f0c8a99]" started-at="2021-07-18T16:06:44 IST" name="getHomePageSignature" finished-at="2021-07-18T16:06:45 IST" duration-ms="265" status="PASS">
          <reporter-output>
          </reporter-output>
        </test-method> <!-- getHomePageSignature -->
        <test-method signature="verifyCountry()[pri:1, instance:SmokeTesting.smokeTest@f0c8a99]" started-at="2021-07-18T16:06:45 IST" name="verifyCountry" finished-at="2021-07-18T16:06:45 IST" duration-ms="555" status="PASS">
          <reporter-output>
          </reporter-output>
        </test-method> <!-- verifyCountry -->
        <test-method signature="verifyLoginButton()[pri:2, instance:SmokeTesting.smokeTest@f0c8a99]" started-at="2021-07-18T16:06:45 IST" name="verifyLoginButton" finished-at="2021-07-18T16:06:46 IST" duration-ms="560" status="PASS">
          <reporter-output>
          </reporter-output>
        </test-method> <!-- verifyLoginButton -->
        <test-method signature="loginWithGmail()[pri:3, instance:SmokeTesting.smokeTest@f0c8a99]" started-at="2021-07-18T16:06:46 IST" name="loginWithGmail" finished-at="2021-07-18T16:06:47 IST" duration-ms="1637" status="PASS">
          <reporter-output>
          </reporter-output>
        </test-method> <!-- loginWithGmail -->
        <test-method signature="loginFromPopUp()[pri:4, instance:SmokeTesting.smokeTest@f0c8a99]" started-at="2021-07-18T16:06:47 IST" name="loginFromPopUp" finished-at="2021-07-18T16:06:58 IST" duration-ms="10105" status="PASS">
          <reporter-output>
          </reporter-output>
        </test-method> <!-- loginFromPopUp -->
        <test-method signature="verifyBuyNowButton()[pri:5, instance:SmokeTesting.smokeTest@f0c8a99]" started-at="2021-07-18T16:06:58 IST" name="verifyBuyNowButton" finished-at="2021-07-18T16:07:05 IST" duration-ms="7176" status="PASS">
          <reporter-output>
          </reporter-output>
        </test-method> <!-- verifyBuyNowButton -->
        <test-method signature="verifyCabButton()[pri:6, instance:SmokeTesting.smokeTest@f0c8a99]" started-at="2021-07-18T16:07:05 IST" name="verifyCabButton" finished-at="2021-07-18T16:07:07 IST" duration-ms="2133" status="PASS">
          <reporter-output>
          </reporter-output>
        </test-method> <!-- verifyCabButton -->
        <test-method signature="verifySelectedRadioButton()[pri:7, instance:SmokeTesting.smokeTest@f0c8a99]" started-at="2021-07-18T16:07:07 IST" name="verifySelectedRadioButton" finished-at="2021-07-18T16:07:08 IST" duration-ms="1244" status="PASS">
          <reporter-output>
          </reporter-output>
        </test-method> <!-- verifySelectedRadioButton -->
        <test-method signature="verifyErrorForSameCitySelected()[pri:8, instance:SmokeTesting.smokeTest@f0c8a99]" started-at="2021-07-18T16:07:08 IST" name="verifyErrorForSameCitySelected" finished-at="2021-07-18T16:07:11 IST" duration-ms="3046" status="PASS">
          <reporter-output>
          </reporter-output>
        </test-method> <!-- verifyErrorForSameCitySelected -->
        <test-method signature="verifyCalenderDropDown()[pri:9, instance:SmokeTesting.smokeTest@f0c8a99]" started-at="2021-07-18T16:07:11 IST" name="verifyCalenderDropDown" finished-at="2021-07-18T16:07:11 IST" duration-ms="1" status="PASS">
          <reporter-output>
          </reporter-output>
        </test-method> <!-- verifyCalenderDropDown -->
        <test-method signature="verifyPickUpTimeDropDown()[pri:10, instance:SmokeTesting.smokeTest@f0c8a99]" started-at="2021-07-18T16:07:11 IST" name="verifyPickUpTimeDropDown" finished-at="2021-07-18T16:07:11 IST" duration-ms="1" status="PASS">
          <reporter-output>
          </reporter-output>
        </test-method> <!-- verifyPickUpTimeDropDown -->
        <test-method signature="verifyCabSearchButton()[pri:11, instance:SmokeTesting.smokeTest@f0c8a99]" started-at="2021-07-18T16:07:11 IST" name="verifyCabSearchButton" finished-at="2021-07-18T16:07:12 IST" duration-ms="552" status="PASS">
          <reporter-output>
          </reporter-output>
        </test-method> <!-- verifyCabSearchButton -->
        <test-method signature="verifySUVButton()[pri:12, instance:SmokeTesting.smokeTest@f0c8a99]" started-at="2021-07-18T16:07:12 IST" name="verifySUVButton" finished-at="2021-07-18T16:07:12 IST" duration-ms="0" status="PASS">
          <reporter-output>
          </reporter-output>
        </test-method> <!-- verifySUVButton -->
        <test-method signature="verifyHotelButton()[pri:13, instance:SmokeTesting.smokeTest@f0c8a99]" started-at="2021-07-18T16:07:12 IST" name="verifyHotelButton" finished-at="2021-07-18T16:07:12 IST" duration-ms="559" status="PASS">
          <reporter-output>
          </reporter-output>
        </test-method> <!-- verifyHotelButton -->
        <test-method signature="verifyGiftCardTitle()[pri:14, instance:SmokeTesting.smokeTest@f0c8a99]" started-at="2021-07-18T16:07:12 IST" name="verifyGiftCardTitle" finished-at="2021-07-18T16:07:17 IST" duration-ms="5181" status="PASS">
          <reporter-output>
          </reporter-output>
        </test-method> <!-- verifyGiftCardTitle -->
        <test-method signature="verifyFathersDayGiftCard()[pri:15, instance:SmokeTesting.smokeTest@f0c8a99]" started-at="2021-07-18T16:07:17 IST" name="verifyFathersDayGiftCard" finished-at="2021-07-18T16:07:24 IST" duration-ms="6230" status="PASS">
          <reporter-output>
          </reporter-output>
        </test-method> <!-- verifyFathersDayGiftCard -->
        <test-method signature="verifyRoomsAndGuestButton()[pri:16, instance:SmokeTesting.smokeTest@f0c8a99]" started-at="2021-07-18T16:07:24 IST" name="verifyRoomsAndGuestButton" finished-at="2021-07-18T16:07:24 IST" duration-ms="0" status="PASS">
          <reporter-output>
          </reporter-output>
        </test-method> <!-- verifyRoomsAndGuestButton -->
        <test-method is-config="true" signature="closeBrowser()[pri:0, instance:SmokeTesting.smokeTest@f0c8a99]" started-at="2021-07-18T16:07:24 IST" name="closeBrowser" finished-at="2021-07-18T16:07:27 IST" duration-ms="3720" status="PASS">
          <reporter-output>
          </reporter-output>
        </test-method> <!-- closeBrowser -->
      </class> <!-- SmokeTesting.smokeTest -->
    </test> <!-- Default test -->
  </suite> <!-- Default suite -->
</testng-results>
