<?xml version="1.0" encoding="UTF-8"?>
<testng-results ignored="0" total="7" passed="4" failed="2" skipped="1">
  <reporter-output>
  </reporter-output>
  <suite started-at="2021-07-12T15:06:53 IST" name="Suite" finished-at="2021-07-12T15:09:10 IST" duration-ms="137300">
    <groups>
    </groups>
    <test started-at="2021-07-12T15:06:53 IST" name="Test" finished-at="2021-07-12T15:09:10 IST" duration-ms="137300">
      <class name="makeMyTripTests">
        <test-method is-config="true" signature="getExcelData()[pri:0, instance:makeMyTripTests@69b794e2]" started-at="2021-07-12T15:06:48 IST" name="getExcelData" finished-at="2021-07-12T15:06:53 IST" duration-ms="4598" status="PASS">
          <reporter-output>
          </reporter-output>
        </test-method> <!-- getExcelData -->
        <test-method is-config="true" signature="createExtentReport()[pri:0, instance:makeMyTripTests@69b794e2]" started-at="2021-07-12T15:06:53 IST" name="createExtentReport" finished-at="2021-07-12T15:06:54 IST" duration-ms="1600" status="PASS">
          <reporter-output>
          </reporter-output>
        </test-method> <!-- createExtentReport -->
        <test-method is-config="true" signature="getWebDriver()[pri:0, instance:makeMyTripTests@69b794e2]" started-at="2021-07-12T15:06:54 IST" name="getWebDriver" finished-at="2021-07-12T15:08:09 IST" duration-ms="74659" status="PASS">
          <reporter-output>
          </reporter-output>
        </test-method> <!-- getWebDriver -->
        <test-method signature="buyGiftCard()[pri:0, instance:makeMyTripTests@69b794e2]" started-at="2021-07-12T15:08:09 IST" name="buyGiftCard" finished-at="2021-07-12T15:08:09 IST" duration-ms="4" status="PASS">
          <reporter-output>
          </reporter-output>
        </test-method> <!-- buyGiftCard -->
        <test-method signature="getAdultsList()[pri:0, instance:makeMyTripTests@69b794e2]" started-at="2021-07-12T15:08:09 IST" name="getAdultsList" finished-at="2021-07-12T15:08:12 IST" duration-ms="2919" status="FAIL">
          <exception class="org.openqa.selenium.ElementClickInterceptedException">
            <message>
              <![CDATA[element click intercepted: Element <span class="chNavText darkGreyText" style="background-color: rgba(0, 0, 0, 0);">...</span> is not clickable at point (393, 144). Other element would receive the click: <div data-cy="outsideModal" class="loginModal displayBlock modalLogin dynHeight personal "></div>
  (Session info: chrome=91.0.4472.124)
Build info: version: '4.0.0-beta-4', revision: '29f46d02dd'
System info: host: 'DESKTOP-J31I2ID', ip: '192.168.43.212', os.name: 'Windows 10', os.arch: 'amd64', os.version: '10.0', java.version: '16.0.1'
Driver info: org.openqa.selenium.chrome.ChromeDriver
Command: [e064cfab61e4e4f82e735a5e90b226d5, clickElement {id=df8ff403-91ee-4803-8610-f1d728adfdcc}]
Capabilities {acceptInsecureCerts: false, browserName: chrome, browserVersion: 91.0.4472.124, chrome: {chromedriverVersion: 91.0.4472.101 (af52a90bf870..., userDataDir: C:\Users\UMASHA~1\AppData\L...}, goog:chromeOptions: {debuggerAddress: localhost:49958}, javascriptEnabled: true, networkConnectionEnabled: false, pageLoadStrategy: normal, platform: WINDOWS, platformName: WINDOWS, proxy: Proxy(), se:cdp: ws://localhost:49958/devtoo..., se:cdpVersion: 91.0.4472.124, setWindowRect: true, strictFileInteractability: false, timeouts: {implicit: 0, pageLoad: 300000, script: 30000}, unhandledPromptBehavior: dismiss and notify, webauthn:extension:largeBlob: true, webauthn:virtualAuthenticators: true}
Element: [[ChromeDriver: chrome on WINDOWS (e064cfab61e4e4f82e735a5e90b226d5)] -> xpath: //li[@class='menu_Hotels']//span[2]]
Session ID: e064cfab61e4e4f82e735a5e90b226d5]]>
            </message>
            <full-stacktrace>
              <![CDATA[org.openqa.selenium.ElementClickInterceptedException: element click intercepted: Element <span class="chNavText darkGreyText" style="background-color: rgba(0, 0, 0, 0);">...</span> is not clickable at point (393, 144). Other element would receive the click: <div data-cy="outsideModal" class="loginModal displayBlock modalLogin dynHeight personal "></div>
  (Session info: chrome=91.0.4472.124)
Build info: version: '4.0.0-beta-4', revision: '29f46d02dd'
System info: host: 'DESKTOP-J31I2ID', ip: '192.168.43.212', os.name: 'Windows 10', os.arch: 'amd64', os.version: '10.0', java.version: '16.0.1'
Driver info: org.openqa.selenium.chrome.ChromeDriver
Command: [e064cfab61e4e4f82e735a5e90b226d5, clickElement {id=df8ff403-91ee-4803-8610-f1d728adfdcc}]
Capabilities {acceptInsecureCerts: false, browserName: chrome, browserVersion: 91.0.4472.124, chrome: {chromedriverVersion: 91.0.4472.101 (af52a90bf870..., userDataDir: C:\Users\UMASHA~1\AppData\L...}, goog:chromeOptions: {debuggerAddress: localhost:49958}, javascriptEnabled: true, networkConnectionEnabled: false, pageLoadStrategy: normal, platform: WINDOWS, platformName: WINDOWS, proxy: Proxy(), se:cdp: ws://localhost:49958/devtoo..., se:cdpVersion: 91.0.4472.124, setWindowRect: true, strictFileInteractability: false, timeouts: {implicit: 0, pageLoad: 300000, script: 30000}, unhandledPromptBehavior: dismiss and notify, webauthn:extension:largeBlob: true, webauthn:virtualAuthenticators: true}
Element: [[ChromeDriver: chrome on WINDOWS (e064cfab61e4e4f82e735a5e90b226d5)] -> xpath: //li[@class='menu_Hotels']//span[2]]
Session ID: e064cfab61e4e4f82e735a5e90b226d5
at java.base/jdk.internal.reflect.NativeConstructorAccessorImpl.newInstance0(Native Method)
at java.base/jdk.internal.reflect.NativeConstructorAccessorImpl.newInstance(NativeConstructorAccessorImpl.java:78)
at java.base/jdk.internal.reflect.DelegatingConstructorAccessorImpl.newInstance(DelegatingConstructorAccessorImpl.java:45)
at java.base/java.lang.reflect.Constructor.newInstanceWithCaller(Constructor.java:499)
at java.base/java.lang.reflect.Constructor.newInstance(Constructor.java:480)
at org.openqa.selenium.remote.codec.w3c.W3CHttpResponseCodec.createException(W3CHttpResponseCodec.java:200)
at org.openqa.selenium.remote.codec.w3c.W3CHttpResponseCodec.decode(W3CHttpResponseCodec.java:133)
at org.openqa.selenium.remote.codec.w3c.W3CHttpResponseCodec.decode(W3CHttpResponseCodec.java:53)
at org.openqa.selenium.remote.HttpCommandExecutor.execute(HttpCommandExecutor.java:184)
at org.openqa.selenium.remote.service.DriverCommandExecutor.invokeExecute(DriverCommandExecutor.java:162)
at org.openqa.selenium.remote.service.DriverCommandExecutor.execute(DriverCommandExecutor.java:137)
at org.openqa.selenium.remote.RemoteWebDriver.execute(RemoteWebDriver.java:612)
at org.openqa.selenium.remote.RemoteWebElement.execute(RemoteWebElement.java:235)
at org.openqa.selenium.remote.RemoteWebElement.click(RemoteWebElement.java:73)
at makeMyTripTests.getAdultsList(makeMyTripTests.java:171)
at java.base/jdk.internal.reflect.NativeMethodAccessorImpl.invoke0(Native Method)
at java.base/jdk.internal.reflect.NativeMethodAccessorImpl.invoke(NativeMethodAccessorImpl.java:78)
at java.base/jdk.internal.reflect.DelegatingMethodAccessorImpl.invoke(DelegatingMethodAccessorImpl.java:43)
at java.base/java.lang.reflect.Method.invoke(Method.java:567)
at org.testng.internal.MethodInvocationHelper.invokeMethod(MethodInvocationHelper.java:133)
at org.testng.internal.TestInvoker.invokeMethod(TestInvoker.java:598)
at org.testng.internal.TestInvoker.invokeTestMethod(TestInvoker.java:173)
at org.testng.internal.MethodRunner.runInSequence(MethodRunner.java:46)
at org.testng.internal.TestInvoker$MethodInvocationAgent.invoke(TestInvoker.java:824)
at org.testng.internal.TestInvoker.invokeTestMethods(TestInvoker.java:146)
at org.testng.internal.TestMethodWorker.invokeTestMethods(TestMethodWorker.java:146)
at org.testng.internal.TestMethodWorker.run(TestMethodWorker.java:128)
at java.base/java.util.ArrayList.forEach(ArrayList.java:1511)
at org.testng.TestRunner.privateRun(TestRunner.java:794)
at org.testng.TestRunner.run(TestRunner.java:596)
at org.testng.SuiteRunner.runTest(SuiteRunner.java:377)
at org.testng.SuiteRunner.runSequentially(SuiteRunner.java:371)
at org.testng.SuiteRunner.privateRun(SuiteRunner.java:332)
at org.testng.SuiteRunner.run(SuiteRunner.java:276)
at org.testng.SuiteRunnerWorker.runSuite(SuiteRunnerWorker.java:53)
at org.testng.SuiteRunnerWorker.run(SuiteRunnerWorker.java:96)
at org.testng.TestNG.runSuitesSequentially(TestNG.java:1212)
at org.testng.TestNG.runSuitesLocally(TestNG.java:1134)
at org.testng.TestNG.runSuites(TestNG.java:1063)
at org.testng.TestNG.run(TestNG.java:1031)
at makeMyTripTests.invokeTestNG(makeMyTripTests.java:204)
at makeMyTripTests.main(makeMyTripTests.java:210)
]]>
            </full-stacktrace>
          </exception> <!-- org.openqa.selenium.ElementClickInterceptedException -->
          <reporter-output>
          </reporter-output>
        </test-method> <!-- getAdultsList -->
        <test-method signature="getHomePageSignature()[pri:0, instance:makeMyTripTests@69b794e2]" started-at="2021-07-12T15:08:12 IST" name="getHomePageSignature" finished-at="2021-07-12T15:08:20 IST" duration-ms="7707" status="PASS">
          <reporter-output>
          </reporter-output>
        </test-method> <!-- getHomePageSignature -->
        <test-method signature="loginWithGmail()[pri:0, instance:makeMyTripTests@69b794e2]" started-at="2021-07-12T15:08:20 IST" name="loginWithGmail" finished-at="2021-07-12T15:08:21 IST" duration-ms="1522" status="PASS">
          <reporter-output>
          </reporter-output>
        </test-method> <!-- loginWithGmail -->
        <test-method signature="loginFromPopUp()[pri:1, instance:makeMyTripTests@69b794e2]" started-at="2021-07-12T15:08:21 IST" name="loginFromPopUp" finished-at="2021-07-12T15:08:59 IST" duration-ms="37574" status="PASS">
          <reporter-output>
          </reporter-output>
        </test-method> <!-- loginFromPopUp -->
        <test-method signature="searchCab()[pri:2, instance:makeMyTripTests@69b794e2]" started-at="2021-07-12T15:08:59 IST" name="searchCab" finished-at="2021-07-12T15:08:59 IST" duration-ms="116" status="FAIL">
          <exception class="org.openqa.selenium.NoSuchElementException">
            <message>
              <![CDATA[no such element: Unable to locate element: {"method":"xpath","selector":"//span[@class='chNavText darkGreyText'][normalize-space()='Cabs']"}
  (Session info: chrome=91.0.4472.124)
For documentation on this error, please visit: https://selenium.dev/exceptions/#no_such_element
Build info: version: '4.0.0-beta-4', revision: '29f46d02dd'
System info: host: 'DESKTOP-J31I2ID', ip: '192.168.43.212', os.name: 'Windows 10', os.arch: 'amd64', os.version: '10.0', java.version: '16.0.1'
Driver info: org.openqa.selenium.chrome.ChromeDriver
Command: [e064cfab61e4e4f82e735a5e90b226d5, findElement {using=xpath, value=//span[@class='chNavText darkGreyText'][normalize-space()='Cabs']}]
Capabilities {acceptInsecureCerts: false, browserName: chrome, browserVersion: 91.0.4472.124, chrome: {chromedriverVersion: 91.0.4472.101 (af52a90bf870..., userDataDir: C:\Users\UMASHA~1\AppData\L...}, goog:chromeOptions: {debuggerAddress: localhost:49958}, javascriptEnabled: true, networkConnectionEnabled: false, pageLoadStrategy: normal, platform: WINDOWS, platformName: WINDOWS, proxy: Proxy(), se:cdp: ws://localhost:49958/devtoo..., se:cdpVersion: 91.0.4472.124, setWindowRect: true, strictFileInteractability: false, timeouts: {implicit: 0, pageLoad: 300000, script: 30000}, unhandledPromptBehavior: dismiss and notify, webauthn:extension:largeBlob: true, webauthn:virtualAuthenticators: true}
Session ID: e064cfab61e4e4f82e735a5e90b226d5]]>
            </message>
            <full-stacktrace>
              <![CDATA[org.openqa.selenium.NoSuchElementException: no such element: Unable to locate element: {"method":"xpath","selector":"//span[@class='chNavText darkGreyText'][normalize-space()='Cabs']"}
  (Session info: chrome=91.0.4472.124)
For documentation on this error, please visit: https://selenium.dev/exceptions/#no_such_element
Build info: version: '4.0.0-beta-4', revision: '29f46d02dd'
System info: host: 'DESKTOP-J31I2ID', ip: '192.168.43.212', os.name: 'Windows 10', os.arch: 'amd64', os.version: '10.0', java.version: '16.0.1'
Driver info: org.openqa.selenium.chrome.ChromeDriver
Command: [e064cfab61e4e4f82e735a5e90b226d5, findElement {using=xpath, value=//span[@class='chNavText darkGreyText'][normalize-space()='Cabs']}]
Capabilities {acceptInsecureCerts: false, browserName: chrome, browserVersion: 91.0.4472.124, chrome: {chromedriverVersion: 91.0.4472.101 (af52a90bf870..., userDataDir: C:\Users\UMASHA~1\AppData\L...}, goog:chromeOptions: {debuggerAddress: localhost:49958}, javascriptEnabled: true, networkConnectionEnabled: false, pageLoadStrategy: normal, platform: WINDOWS, platformName: WINDOWS, proxy: Proxy(), se:cdp: ws://localhost:49958/devtoo..., se:cdpVersion: 91.0.4472.124, setWindowRect: true, strictFileInteractability: false, timeouts: {implicit: 0, pageLoad: 300000, script: 30000}, unhandledPromptBehavior: dismiss and notify, webauthn:extension:largeBlob: true, webauthn:virtualAuthenticators: true}
Session ID: e064cfab61e4e4f82e735a5e90b226d5
at java.base/jdk.internal.reflect.NativeConstructorAccessorImpl.newInstance0(Native Method)
at java.base/jdk.internal.reflect.NativeConstructorAccessorImpl.newInstance(NativeConstructorAccessorImpl.java:78)
at java.base/jdk.internal.reflect.DelegatingConstructorAccessorImpl.newInstance(DelegatingConstructorAccessorImpl.java:45)
at java.base/java.lang.reflect.Constructor.newInstanceWithCaller(Constructor.java:499)
at java.base/java.lang.reflect.Constructor.newInstance(Constructor.java:480)
at org.openqa.selenium.remote.codec.w3c.W3CHttpResponseCodec.createException(W3CHttpResponseCodec.java:200)
at org.openqa.selenium.remote.codec.w3c.W3CHttpResponseCodec.decode(W3CHttpResponseCodec.java:133)
at org.openqa.selenium.remote.codec.w3c.W3CHttpResponseCodec.decode(W3CHttpResponseCodec.java:53)
at org.openqa.selenium.remote.HttpCommandExecutor.execute(HttpCommandExecutor.java:184)
at org.openqa.selenium.remote.service.DriverCommandExecutor.invokeExecute(DriverCommandExecutor.java:162)
at org.openqa.selenium.remote.service.DriverCommandExecutor.execute(DriverCommandExecutor.java:137)
at org.openqa.selenium.remote.RemoteWebDriver.execute(RemoteWebDriver.java:612)
at org.openqa.selenium.remote.RemoteWebDriver$Mechanism$2.findElement(RemoteWebDriver.java:1251)
at org.openqa.selenium.remote.RemoteWebDriver.findElement(RemoteWebDriver.java:379)
at org.openqa.selenium.remote.RemoteWebDriver.findElement(RemoteWebDriver.java:373)
at makeMyTripTests.searchCab(makeMyTripTests.java:118)
at java.base/jdk.internal.reflect.NativeMethodAccessorImpl.invoke0(Native Method)
at java.base/jdk.internal.reflect.NativeMethodAccessorImpl.invoke(NativeMethodAccessorImpl.java:78)
at java.base/jdk.internal.reflect.DelegatingMethodAccessorImpl.invoke(DelegatingMethodAccessorImpl.java:43)
at java.base/java.lang.reflect.Method.invoke(Method.java:567)
at org.testng.internal.MethodInvocationHelper.invokeMethod(MethodInvocationHelper.java:133)
at org.testng.internal.TestInvoker.invokeMethod(TestInvoker.java:598)
at org.testng.internal.TestInvoker.invokeTestMethod(TestInvoker.java:173)
at org.testng.internal.MethodRunner.runInSequence(MethodRunner.java:46)
at org.testng.internal.TestInvoker$MethodInvocationAgent.invoke(TestInvoker.java:824)
at org.testng.internal.TestInvoker.invokeTestMethods(TestInvoker.java:146)
at org.testng.internal.TestMethodWorker.invokeTestMethods(TestMethodWorker.java:146)
at org.testng.internal.TestMethodWorker.run(TestMethodWorker.java:128)
at java.base/java.util.ArrayList.forEach(ArrayList.java:1511)
at org.testng.TestRunner.privateRun(TestRunner.java:794)
at org.testng.TestRunner.run(TestRunner.java:596)
at org.testng.SuiteRunner.runTest(SuiteRunner.java:377)
at org.testng.SuiteRunner.runSequentially(SuiteRunner.java:371)
at org.testng.SuiteRunner.privateRun(SuiteRunner.java:332)
at org.testng.SuiteRunner.run(SuiteRunner.java:276)
at org.testng.SuiteRunnerWorker.runSuite(SuiteRunnerWorker.java:53)
at org.testng.SuiteRunnerWorker.run(SuiteRunnerWorker.java:96)
at org.testng.TestNG.runSuitesSequentially(TestNG.java:1212)
at org.testng.TestNG.runSuitesLocally(TestNG.java:1134)
at org.testng.TestNG.runSuites(TestNG.java:1063)
at org.testng.TestNG.run(TestNG.java:1031)
at makeMyTripTests.invokeTestNG(makeMyTripTests.java:204)
at makeMyTripTests.main(makeMyTripTests.java:210)
]]>
            </full-stacktrace>
          </exception> <!-- org.openqa.selenium.NoSuchElementException -->
          <reporter-output>
          </reporter-output>
        </test-method> <!-- searchCab -->
        <test-method signature="getCabDetails()[pri:0, instance:makeMyTripTests@69b794e2]" started-at="2021-07-12T15:08:59 IST" name="getCabDetails" finished-at="2021-07-12T15:08:59 IST" depends-on-methods="makeMyTripTests.searchCab" duration-ms="0" status="SKIP">
          <exception class="java.lang.Throwable">
            <message>
              <![CDATA[Method makeMyTripTests.getCabDetails()[pri:0, instance:makeMyTripTests@69b794e2] depends on not successfully finished methods]]>
            </message>
            <full-stacktrace>
              <![CDATA[java.lang.Throwable: Method makeMyTripTests.getCabDetails()[pri:0, instance:makeMyTripTests@69b794e2] depends on not successfully finished methods
at org.testng.internal.TestInvoker.invokeTestMethods(TestInvoker.java:102)
at org.testng.internal.TestMethodWorker.invokeTestMethods(TestMethodWorker.java:146)
at org.testng.internal.TestMethodWorker.run(TestMethodWorker.java:128)
at java.base/java.util.ArrayList.forEach(ArrayList.java:1511)
at org.testng.TestRunner.privateRun(TestRunner.java:794)
at org.testng.TestRunner.run(TestRunner.java:596)
at org.testng.SuiteRunner.runTest(SuiteRunner.java:377)
at org.testng.SuiteRunner.runSequentially(SuiteRunner.java:371)
at org.testng.SuiteRunner.privateRun(SuiteRunner.java:332)
at org.testng.SuiteRunner.run(SuiteRunner.java:276)
at org.testng.SuiteRunnerWorker.runSuite(SuiteRunnerWorker.java:53)
at org.testng.SuiteRunnerWorker.run(SuiteRunnerWorker.java:96)
at org.testng.TestNG.runSuitesSequentially(TestNG.java:1212)
at org.testng.TestNG.runSuitesLocally(TestNG.java:1134)
at org.testng.TestNG.runSuites(TestNG.java:1063)
at org.testng.TestNG.run(TestNG.java:1031)
at makeMyTripTests.invokeTestNG(makeMyTripTests.java:204)
at makeMyTripTests.main(makeMyTripTests.java:210)
]]>
            </full-stacktrace>
          </exception> <!-- java.lang.Throwable -->
          <reporter-output>
          </reporter-output>
        </test-method> <!-- getCabDetails -->
        <test-method is-config="true" signature="closeBrowser()[pri:0, instance:makeMyTripTests@69b794e2]" started-at="2021-07-12T15:08:59 IST" name="closeBrowser" finished-at="2021-07-12T15:09:10 IST" duration-ms="11110" status="PASS">
          <reporter-output>
          </reporter-output>
        </test-method> <!-- closeBrowser -->
      </class> <!-- makeMyTripTests -->
    </test> <!-- Test -->
  </suite> <!-- Suite -->
</testng-results>
