<?xml version="1.0" encoding="UTF-8"?>
<testng-results ignored="0" total="7" passed="5" failed="1" skipped="1">
  <reporter-output>
  </reporter-output>
  <suite started-at="2021-07-12T15:35:00 IST" name="Default suite" finished-at="2021-07-12T15:35:15 IST" duration-ms="14836">
    <groups>
    </groups>
    <test started-at="2021-07-12T15:35:00 IST" name="Default test" finished-at="2021-07-12T15:35:15 IST" duration-ms="14836">
      <class name="makeMyTripTests">
        <test-method is-config="true" signature="getExcelData()[pri:0, instance:makeMyTripTests@750e2b97]" started-at="2021-07-12T15:35:00 IST" name="getExcelData" finished-at="2021-07-12T15:35:00 IST" duration-ms="471" status="PASS">
          <reporter-output>
          </reporter-output>
        </test-method> <!-- getExcelData -->
        <test-method is-config="true" signature="createExtentReport()[pri:0, instance:makeMyTripTests@750e2b97]" started-at="2021-07-12T15:35:00 IST" name="createExtentReport" finished-at="2021-07-12T15:35:00 IST" duration-ms="247" status="PASS">
          <reporter-output>
          </reporter-output>
        </test-method> <!-- createExtentReport -->
        <test-method is-config="true" signature="getWebDriver()[pri:0, instance:makeMyTripTests@750e2b97]" started-at="2021-07-12T15:35:00 IST" name="getWebDriver" finished-at="2021-07-12T15:35:06 IST" duration-ms="5462" status="PASS">
          <reporter-output>
          </reporter-output>
        </test-method> <!-- getWebDriver -->
        <test-method signature="buyGiftCard()[pri:0, instance:makeMyTripTests@750e2b97]" started-at="2021-07-12T15:35:06 IST" name="buyGiftCard" finished-at="2021-07-12T15:35:06 IST" duration-ms="9" status="PASS">
          <reporter-output>
          </reporter-output>
        </test-method> <!-- buyGiftCard -->
        <test-method signature="getAdultsList()[pri:0, instance:makeMyTripTests@750e2b97]" started-at="2021-07-12T15:35:06 IST" name="getAdultsList" finished-at="2021-07-12T15:35:07 IST" duration-ms="1408" status="PASS">
          <reporter-output>
          </reporter-output>
        </test-method> <!-- getAdultsList -->
        <test-method signature="getHomePageSignature()[pri:0, instance:makeMyTripTests@750e2b97]" started-at="2021-07-12T15:35:07 IST" name="getHomePageSignature" finished-at="2021-07-12T15:35:07 IST" duration-ms="268" status="PASS">
          <reporter-output>
          </reporter-output>
        </test-method> <!-- getHomePageSignature -->
        <test-method signature="loginWithGmail()[pri:0, instance:makeMyTripTests@750e2b97]" started-at="2021-07-12T15:35:07 IST" name="loginWithGmail" finished-at="2021-07-12T15:35:09 IST" duration-ms="1102" status="PASS">
          <reporter-output>
          </reporter-output>
        </test-method> <!-- loginWithGmail -->
        <test-method signature="loginFromPopUp()[pri:1, instance:makeMyTripTests@750e2b97]" started-at="2021-07-12T15:35:09 IST" name="loginFromPopUp" finished-at="2021-07-12T15:35:09 IST" duration-ms="16" status="PASS">
          <reporter-output>
          </reporter-output>
        </test-method> <!-- loginFromPopUp -->
        <test-method signature="searchCab()[pri:2, instance:makeMyTripTests@750e2b97]" started-at="2021-07-12T15:35:09 IST" name="searchCab" finished-at="2021-07-12T15:35:11 IST" duration-ms="2504" status="FAIL">
          <exception class="org.openqa.selenium.InvalidSelectorException">
            <message>
              <![CDATA[Compound class names not permitted
For documentation on this error, please visit: https://selenium.dev/exceptions/#invalid_selector_exception
Build info: version: '4.0.0-beta-4', revision: '29f46d02dd'
System info: host: 'LAPTOP-U9BUGGJ3', ip: '192.168.0.103', os.name: 'Windows 10', os.arch: 'amd64', os.version: '10.0', java.version: '11.0.11'
Driver info: driver.version: unknown]]>
            </message>
            <full-stacktrace>
              <![CDATA[org.openqa.selenium.InvalidSelectorException: Compound class names not permitted
For documentation on this error, please visit: https://selenium.dev/exceptions/#invalid_selector_exception
Build info: version: '4.0.0-beta-4', revision: '29f46d02dd'
System info: host: 'LAPTOP-U9BUGGJ3', ip: '192.168.0.103', os.name: 'Windows 10', os.arch: 'amd64', os.version: '10.0', java.version: '11.0.11'
Driver info: driver.version: unknown
at org.openqa.selenium.By$ByClassName.<init>(By.java:310)
at org.openqa.selenium.By.className(By.java:100)
at makeMyTripTests.searchCab(makeMyTripTests.java:146)
at java.base/jdk.internal.reflect.NativeMethodAccessorImpl.invoke0(Native Method)
at java.base/jdk.internal.reflect.NativeMethodAccessorImpl.invoke(NativeMethodAccessorImpl.java:62)
at java.base/jdk.internal.reflect.DelegatingMethodAccessorImpl.invoke(DelegatingMethodAccessorImpl.java:43)
at java.base/java.lang.reflect.Method.invoke(Method.java:566)
at org.testng.internal.MethodInvocationHelper.invokeMethod(MethodInvocationHelper.java:133)
at org.testng.internal.TestInvoker.invokeMethod(TestInvoker.java:598)
at org.testng.internal.TestInvoker.invokeTestMethod(TestInvoker.java:173)
at org.testng.internal.MethodRunner.runInSequence(MethodRunner.java:46)
at org.testng.internal.TestInvoker$MethodInvocationAgent.invoke(TestInvoker.java:824)
at org.testng.internal.TestInvoker.invokeTestMethods(TestInvoker.java:146)
at org.testng.internal.TestMethodWorker.invokeTestMethods(TestMethodWorker.java:146)
at org.testng.internal.TestMethodWorker.run(TestMethodWorker.java:128)
at java.base/java.util.ArrayList.forEach(ArrayList.java:1541)
at org.testng.TestRunner.privateRun(TestRunner.java:794)
at org.testng.TestRunner.run(TestRunner.java:596)
at org.testng.SuiteRunner.runTest(SuiteRunner.java:377)
at org.testng.SuiteRunner.runSequentially(SuiteRunner.java:371)
at org.testng.SuiteRunner.privateRun(SuiteRunner.java:332)
at org.testng.SuiteRunner.run(SuiteRunner.java:276)
at org.testng.SuiteRunnerWorker.runSuite(SuiteRunnerWorker.java:53)
at org.testng.SuiteRunnerWorker.run(SuiteRunnerWorker.java:96)
at org.testng.TestNG.runSuitesSequentially(TestNG.java:1212)
at org.testng.TestNG.runSuitesLocally(TestNG.java:1134)
at org.testng.TestNG.runSuites(TestNG.java:1063)
at org.testng.TestNG.run(TestNG.java:1031)
at org.testng.remote.AbstractRemoteTestNG.run(AbstractRemoteTestNG.java:115)
at org.testng.remote.RemoteTestNG.initAndRun(RemoteTestNG.java:251)
at org.testng.remote.RemoteTestNG.main(RemoteTestNG.java:77)
]]>
            </full-stacktrace>
          </exception> <!-- org.openqa.selenium.InvalidSelectorException -->
          <reporter-output>
          </reporter-output>
        </test-method> <!-- searchCab -->
        <test-method signature="getCabDetails()[pri:0, instance:makeMyTripTests@750e2b97]" started-at="2021-07-12T15:35:11 IST" name="getCabDetails" finished-at="2021-07-12T15:35:11 IST" depends-on-methods="makeMyTripTests.searchCab" duration-ms="0" status="SKIP">
          <exception class="java.lang.Throwable">
            <message>
              <![CDATA[Method makeMyTripTests.getCabDetails()[pri:0, instance:makeMyTripTests@750e2b97] depends on not successfully finished methods]]>
            </message>
            <full-stacktrace>
              <![CDATA[java.lang.Throwable: Method makeMyTripTests.getCabDetails()[pri:0, instance:makeMyTripTests@750e2b97] depends on not successfully finished methods
at org.testng.internal.TestInvoker.invokeTestMethods(TestInvoker.java:102)
at org.testng.internal.TestMethodWorker.invokeTestMethods(TestMethodWorker.java:146)
at org.testng.internal.TestMethodWorker.run(TestMethodWorker.java:128)
at java.base/java.util.ArrayList.forEach(ArrayList.java:1541)
at org.testng.TestRunner.privateRun(TestRunner.java:794)
at org.testng.TestRunner.run(TestRunner.java:596)
at org.testng.SuiteRunner.runTest(SuiteRunner.java:377)
at org.testng.SuiteRunner.runSequentially(SuiteRunner.java:371)
at org.testng.SuiteRunner.privateRun(SuiteRunner.java:332)
at org.testng.SuiteRunner.run(SuiteRunner.java:276)
at org.testng.SuiteRunnerWorker.runSuite(SuiteRunnerWorker.java:53)
at org.testng.SuiteRunnerWorker.run(SuiteRunnerWorker.java:96)
at org.testng.TestNG.runSuitesSequentially(TestNG.java:1212)
at org.testng.TestNG.runSuitesLocally(TestNG.java:1134)
at org.testng.TestNG.runSuites(TestNG.java:1063)
at org.testng.TestNG.run(TestNG.java:1031)
at org.testng.remote.AbstractRemoteTestNG.run(AbstractRemoteTestNG.java:115)
at org.testng.remote.RemoteTestNG.initAndRun(RemoteTestNG.java:251)
at org.testng.remote.RemoteTestNG.main(RemoteTestNG.java:77)
]]>
            </full-stacktrace>
          </exception> <!-- java.lang.Throwable -->
          <reporter-output>
          </reporter-output>
        </test-method> <!-- getCabDetails -->
        <test-method is-config="true" signature="closeBrowser()[pri:0, instance:makeMyTripTests@750e2b97]" started-at="2021-07-12T15:35:11 IST" name="closeBrowser" finished-at="2021-07-12T15:35:15 IST" duration-ms="3775" status="PASS">
          <reporter-output>
          </reporter-output>
        </test-method> <!-- closeBrowser -->
      </class> <!-- makeMyTripTests -->
    </test> <!-- Default test -->
  </suite> <!-- Default suite -->
</testng-results>
